2024-09-15 22:32:51.950 [background-preinit] INFO  o.h.validator.internal.util.Version
                - HV000001: Hibernate Validator 8.0.1.Final   
2024-09-15 22:32:51.950 [background-preinit] INFO  o.h.validator.internal.util.Version
                - HV000001: Hibernate Validator 8.0.1.Final   
2024-09-15 22:32:52.002 [main] INFO  org.payment.api.ApiApplication
                - Starting ApiApplication using Java 17.0.10 with PID 20452 (D:\sideProject\fintech-service\api\build\classes\java\main started by Administrator in D:\sideProject\fintech-service)   
2024-09-15 22:32:52.002 [main] INFO  org.payment.api.ApiApplication
                - Starting ApiApplication using Java 17.0.10 with PID 20452 (D:\sideProject\fintech-service\api\build\classes\java\main started by Administrator in D:\sideProject\fintech-service)   
2024-09-15 22:32:52.003 [main] DEBUG org.payment.api.ApiApplication
                - Running with Spring Boot v3.2.4, Spring v6.1.5   
2024-09-15 22:32:52.003 [main] DEBUG org.payment.api.ApiApplication
                - Running with Spring Boot v3.2.4, Spring v6.1.5   
2024-09-15 22:32:52.004 [main] INFO  org.payment.api.ApiApplication
                - The following 1 profile is active: "local"   
2024-09-15 22:32:52.004 [main] INFO  org.payment.api.ApiApplication
                - The following 1 profile is active: "local"   
2024-09-15 22:32:52.728 [main] INFO  o.s.d.r.c.RepositoryConfigurationDelegate
                - Multiple Spring Data modules found, entering strict repository configuration mode   
2024-09-15 22:32:52.728 [main] INFO  o.s.d.r.c.RepositoryConfigurationDelegate
                - Multiple Spring Data modules found, entering strict repository configuration mode   
2024-09-15 22:32:52.728 [main] INFO  o.s.d.r.c.RepositoryConfigurationDelegate
                - Bootstrapping Spring Data JPA repositories in DEFAULT mode.   
2024-09-15 22:32:52.728 [main] INFO  o.s.d.r.c.RepositoryConfigurationDelegate
                - Bootstrapping Spring Data JPA repositories in DEFAULT mode.   
2024-09-15 22:32:53.053 [main] INFO  o.s.d.r.c.RepositoryConfigurationDelegate
                - Finished Spring Data repository scanning in 318 ms. Found 1 JPA repository interface.   
2024-09-15 22:32:53.053 [main] INFO  o.s.d.r.c.RepositoryConfigurationDelegate
                - Finished Spring Data repository scanning in 318 ms. Found 1 JPA repository interface.   
2024-09-15 22:32:53.102 [main] INFO  o.s.d.r.c.RepositoryConfigurationDelegate
                - Multiple Spring Data modules found, entering strict repository configuration mode   
2024-09-15 22:32:53.102 [main] INFO  o.s.d.r.c.RepositoryConfigurationDelegate
                - Multiple Spring Data modules found, entering strict repository configuration mode   
2024-09-15 22:32:53.103 [main] INFO  o.s.d.r.c.RepositoryConfigurationDelegate
                - Bootstrapping Spring Data Redis repositories in DEFAULT mode.   
2024-09-15 22:32:53.103 [main] INFO  o.s.d.r.c.RepositoryConfigurationDelegate
                - Bootstrapping Spring Data Redis repositories in DEFAULT mode.   
2024-09-15 22:32:53.117 [main] INFO  o.s.d.r.c.RepositoryConfigurationExtensionSupport
                - Spring Data Redis - Could not safely identify store assignment for repository candidate interface org.payment.db.user.UserRdbRepository; If you want this repository to be a Redis repository, consider annotating your entities with one of these annotations: org.springframework.data.redis.core.RedisHash (preferred), or consider extending one of the following types with your repository: org.springframework.data.keyvalue.repository.KeyValueRepository   
2024-09-15 22:32:53.117 [main] INFO  o.s.d.r.c.RepositoryConfigurationExtensionSupport
                - Spring Data Redis - Could not safely identify store assignment for repository candidate interface org.payment.db.user.UserRdbRepository; If you want this repository to be a Redis repository, consider annotating your entities with one of these annotations: org.springframework.data.redis.core.RedisHash (preferred), or consider extending one of the following types with your repository: org.springframework.data.keyvalue.repository.KeyValueRepository   
2024-09-15 22:32:53.118 [main] INFO  o.s.d.r.c.RepositoryConfigurationDelegate
                - Finished Spring Data repository scanning in 5 ms. Found 0 Redis repository interfaces.   
2024-09-15 22:32:53.118 [main] INFO  o.s.d.r.c.RepositoryConfigurationDelegate
                - Finished Spring Data repository scanning in 5 ms. Found 0 Redis repository interfaces.   
2024-09-15 22:32:53.477 [main] INFO  o.s.d.r.c.RepositoryConfigurationDelegate
                - Multiple Spring Data modules found, entering strict repository configuration mode   
2024-09-15 22:32:53.477 [main] INFO  o.s.d.r.c.RepositoryConfigurationDelegate
                - Multiple Spring Data modules found, entering strict repository configuration mode   
2024-09-15 22:32:53.477 [main] INFO  o.s.d.r.c.RepositoryConfigurationDelegate
                - Bootstrapping Spring Data Redis repositories in DEFAULT mode.   
2024-09-15 22:32:53.477 [main] INFO  o.s.d.r.c.RepositoryConfigurationDelegate
                - Bootstrapping Spring Data Redis repositories in DEFAULT mode.   
2024-09-15 22:32:53.485 [main] INFO  o.s.d.r.c.RepositoryConfigurationDelegate
                - Finished Spring Data repository scanning in 7 ms. Found 0 Redis repository interfaces.   
2024-09-15 22:32:53.485 [main] INFO  o.s.d.r.c.RepositoryConfigurationDelegate
                - Finished Spring Data repository scanning in 7 ms. Found 0 Redis repository interfaces.   
2024-09-15 22:32:54.479 [main] INFO  o.s.b.w.e.tomcat.TomcatWebServer
                - Tomcat initialized with port 8443 (https)   
2024-09-15 22:32:54.479 [main] INFO  o.s.b.w.e.tomcat.TomcatWebServer
                - Tomcat initialized with port 8443 (https)   
2024-09-15 22:32:54.488 [main] INFO  o.a.coyote.http11.Http11NioProtocol
                - Initializing ProtocolHandler ["https-jsse-nio-8443"]   
2024-09-15 22:32:54.488 [main] INFO  o.a.coyote.http11.Http11NioProtocol
                - Initializing ProtocolHandler ["https-jsse-nio-8443"]   
2024-09-15 22:32:54.493 [main] INFO  o.a.catalina.core.StandardService
                - Starting service [Tomcat]   
2024-09-15 22:32:54.493 [main] INFO  o.a.catalina.core.StandardService
                - Starting service [Tomcat]   
2024-09-15 22:32:54.493 [main] INFO  o.a.catalina.core.StandardEngine
                - Starting Servlet engine: [Apache Tomcat/10.1.19]   
2024-09-15 22:32:54.493 [main] INFO  o.a.catalina.core.StandardEngine
                - Starting Servlet engine: [Apache Tomcat/10.1.19]   
2024-09-15 22:32:54.578 [main] INFO  o.a.c.c.C.[Tomcat].[localhost].[/]
                - Initializing Spring embedded WebApplicationContext   
2024-09-15 22:32:54.578 [main] INFO  o.a.c.c.C.[Tomcat].[localhost].[/]
                - Initializing Spring embedded WebApplicationContext   
2024-09-15 22:32:54.579 [main] INFO  o.s.b.w.s.c.ServletWebServerApplicationContext
                - Root WebApplicationContext: initialization completed in 2512 ms   
2024-09-15 22:32:54.579 [main] INFO  o.s.b.w.s.c.ServletWebServerApplicationContext
                - Root WebApplicationContext: initialization completed in 2512 ms   
2024-09-15 22:32:54.885 [main] INFO  o.h.jpa.internal.util.LogHelper
                - HHH000204: Processing PersistenceUnitInfo [name: default]   
2024-09-15 22:32:54.885 [main] INFO  o.h.jpa.internal.util.LogHelper
                - HHH000204: Processing PersistenceUnitInfo [name: default]   
2024-09-15 22:32:54.963 [main] INFO  org.hibernate.Version
                - HHH000412: Hibernate ORM core version 6.4.4.Final   
2024-09-15 22:32:54.963 [main] INFO  org.hibernate.Version
                - HHH000412: Hibernate ORM core version 6.4.4.Final   
2024-09-15 22:32:55.008 [main] INFO  o.h.c.i.RegionFactoryInitiator
                - HHH000026: Second-level cache disabled   
2024-09-15 22:32:55.008 [main] INFO  o.h.c.i.RegionFactoryInitiator
                - HHH000026: Second-level cache disabled   
2024-09-15 22:32:55.270 [main] INFO  o.s.o.j.p.SpringPersistenceUnitInfo
                - No LoadTimeWeaver setup: ignoring JPA class transformer   
2024-09-15 22:32:55.270 [main] INFO  o.s.o.j.p.SpringPersistenceUnitInfo
                - No LoadTimeWeaver setup: ignoring JPA class transformer   
2024-09-15 22:32:55.300 [main] INFO  com.zaxxer.hikari.HikariDataSource
                - HikariPool-1 - Starting...   
2024-09-15 22:32:55.300 [main] INFO  com.zaxxer.hikari.HikariDataSource
                - HikariPool-1 - Starting...   
2024-09-15 22:32:56.459 [main] ERROR com.zaxxer.hikari.pool.HikariPool
                - HikariPool-1 - Exception during pool initialization.   
java.sql.SQLSyntaxErrorException: Unknown database 'fintech_service'
	at com.mysql.cj.jdbc.exceptions.SQLError.createSQLException(SQLError.java:120)
	at com.mysql.cj.jdbc.exceptions.SQLExceptionsMapping.translateException(SQLExceptionsMapping.java:122)
	at com.mysql.cj.jdbc.ConnectionImpl.createNewIO(ConnectionImpl.java:828)
	at com.mysql.cj.jdbc.ConnectionImpl.<init>(ConnectionImpl.java:448)
	at com.mysql.cj.jdbc.ConnectionImpl.getInstance(ConnectionImpl.java:241)
	at com.mysql.cj.jdbc.NonRegisteringDriver.connect(NonRegisteringDriver.java:198)
	at com.zaxxer.hikari.util.DriverDataSource.getConnection(DriverDataSource.java:138)
	at com.zaxxer.hikari.pool.PoolBase.newConnection(PoolBase.java:359)
	at com.zaxxer.hikari.pool.PoolBase.newPoolEntry(PoolBase.java:201)
	at com.zaxxer.hikari.pool.HikariPool.createPoolEntry(HikariPool.java:470)
	at com.zaxxer.hikari.pool.HikariPool.checkFailFast(HikariPool.java:561)
	at com.zaxxer.hikari.pool.HikariPool.<init>(HikariPool.java:100)
	at com.zaxxer.hikari.HikariDataSource.getConnection(HikariDataSource.java:112)
	at org.hibernate.engine.jdbc.connections.internal.DatasourceConnectionProviderImpl.getConnection(DatasourceConnectionProviderImpl.java:122)
	at org.hibernate.engine.jdbc.env.internal.JdbcEnvironmentInitiator$ConnectionProviderJdbcConnectionAccess.obtainConnection(JdbcEnvironmentInitiator.java:428)
	at org.hibernate.resource.transaction.backend.jdbc.internal.JdbcIsolationDelegate.delegateWork(JdbcIsolationDelegate.java:61)
	at org.hibernate.engine.jdbc.env.internal.JdbcEnvironmentInitiator.getJdbcEnvironmentUsingJdbcMetadata(JdbcEnvironmentInitiator.java:276)
	at org.hibernate.engine.jdbc.env.internal.JdbcEnvironmentInitiator.initiateService(JdbcEnvironmentInitiator.java:107)
	at org.hibernate.engine.jdbc.env.internal.JdbcEnvironmentInitiator.initiateService(JdbcEnvironmentInitiator.java:68)
	at org.hibernate.boot.registry.internal.StandardServiceRegistryImpl.initiateService(StandardServiceRegistryImpl.java:130)
	at org.hibernate.service.internal.AbstractServiceRegistryImpl.createService(AbstractServiceRegistryImpl.java:263)
	at org.hibernate.service.internal.AbstractServiceRegistryImpl.initializeService(AbstractServiceRegistryImpl.java:238)
	at org.hibernate.service.internal.AbstractServiceRegistryImpl.getService(AbstractServiceRegistryImpl.java:215)
	at org.hibernate.boot.model.relational.Database.<init>(Database.java:45)
	at org.hibernate.boot.internal.InFlightMetadataCollectorImpl.getDatabase(InFlightMetadataCollectorImpl.java:223)
	at org.hibernate.boot.internal.InFlightMetadataCollectorImpl.<init>(InFlightMetadataCollectorImpl.java:191)
	at org.hibernate.boot.model.process.spi.MetadataBuildingProcess.complete(MetadataBuildingProcess.java:170)
	at org.hibernate.jpa.boot.internal.EntityManagerFactoryBuilderImpl.metadata(EntityManagerFactoryBuilderImpl.java:1432)
	at org.hibernate.jpa.boot.internal.EntityManagerFactoryBuilderImpl.build(EntityManagerFactoryBuilderImpl.java:1503)
	at org.springframework.orm.jpa.vendor.SpringHibernateJpaPersistenceProvider.createContainerEntityManagerFactory(SpringHibernateJpaPersistenceProvider.java:75)
	at org.springframework.orm.jpa.LocalContainerEntityManagerFactoryBean.createNativeEntityManagerFactory(LocalContainerEntityManagerFactoryBean.java:390)
	at org.springframework.orm.jpa.AbstractEntityManagerFactoryBean.buildNativeEntityManagerFactory(AbstractEntityManagerFactoryBean.java:409)
	at org.springframework.orm.jpa.AbstractEntityManagerFactoryBean.afterPropertiesSet(AbstractEntityManagerFactoryBean.java:396)
	at org.springframework.orm.jpa.LocalContainerEntityManagerFactoryBean.afterPropertiesSet(LocalContainerEntityManagerFactoryBean.java:366)
	at org.springframework.beans.factory.support.AbstractAutowireCapableBeanFactory.invokeInitMethods(AbstractAutowireCapableBeanFactory.java:1833)
	at org.springframework.beans.factory.support.AbstractAutowireCapableBeanFactory.initializeBean(AbstractAutowireCapableBeanFactory.java:1782)
	at org.springframework.beans.factory.support.AbstractAutowireCapableBeanFactory.doCreateBean(AbstractAutowireCapableBeanFactory.java:600)
	at org.springframework.beans.factory.support.AbstractAutowireCapableBeanFactory.createBean(AbstractAutowireCapableBeanFactory.java:522)
	at org.springframework.beans.factory.support.AbstractBeanFactory.lambda$doGetBean$0(AbstractBeanFactory.java:326)
	at org.springframework.beans.factory.support.DefaultSingletonBeanRegistry.getSingleton(DefaultSingletonBeanRegistry.java:234)
	at org.springframework.beans.factory.support.AbstractBeanFactory.doGetBean(AbstractBeanFactory.java:324)
	at org.springframework.beans.factory.support.AbstractBeanFactory.getBean(AbstractBeanFactory.java:200)
	at org.springframework.context.support.AbstractApplicationContext.getBean(AbstractApplicationContext.java:1234)
	at org.springframework.context.support.AbstractApplicationContext.finishBeanFactoryInitialization(AbstractApplicationContext.java:952)
	at org.springframework.context.support.AbstractApplicationContext.refresh(AbstractApplicationContext.java:624)
	at org.springframework.boot.web.servlet.context.ServletWebServerApplicationContext.refresh(ServletWebServerApplicationContext.java:146)
	at org.springframework.boot.SpringApplication.refresh(SpringApplication.java:754)
	at org.springframework.boot.SpringApplication.refreshContext(SpringApplication.java:456)
	at org.springframework.boot.SpringApplication.run(SpringApplication.java:334)
	at org.springframework.boot.SpringApplication.run(SpringApplication.java:1354)
	at org.springframework.boot.SpringApplication.run(SpringApplication.java:1343)
	at org.payment.api.ApiApplication.main(ApiApplication.java:15)
2024-09-15 22:32:56.459 [main] ERROR com.zaxxer.hikari.pool.HikariPool
                - HikariPool-1 - Exception during pool initialization.   
java.sql.SQLSyntaxErrorException: Unknown database 'fintech_service'
	at com.mysql.cj.jdbc.exceptions.SQLError.createSQLException(SQLError.java:120)
	at com.mysql.cj.jdbc.exceptions.SQLExceptionsMapping.translateException(SQLExceptionsMapping.java:122)
	at com.mysql.cj.jdbc.ConnectionImpl.createNewIO(ConnectionImpl.java:828)
	at com.mysql.cj.jdbc.ConnectionImpl.<init>(ConnectionImpl.java:448)
	at com.mysql.cj.jdbc.ConnectionImpl.getInstance(ConnectionImpl.java:241)
	at com.mysql.cj.jdbc.NonRegisteringDriver.connect(NonRegisteringDriver.java:198)
	at com.zaxxer.hikari.util.DriverDataSource.getConnection(DriverDataSource.java:138)
	at com.zaxxer.hikari.pool.PoolBase.newConnection(PoolBase.java:359)
	at com.zaxxer.hikari.pool.PoolBase.newPoolEntry(PoolBase.java:201)
	at com.zaxxer.hikari.pool.HikariPool.createPoolEntry(HikariPool.java:470)
	at com.zaxxer.hikari.pool.HikariPool.checkFailFast(HikariPool.java:561)
	at com.zaxxer.hikari.pool.HikariPool.<init>(HikariPool.java:100)
	at com.zaxxer.hikari.HikariDataSource.getConnection(HikariDataSource.java:112)
	at org.hibernate.engine.jdbc.connections.internal.DatasourceConnectionProviderImpl.getConnection(DatasourceConnectionProviderImpl.java:122)
	at org.hibernate.engine.jdbc.env.internal.JdbcEnvironmentInitiator$ConnectionProviderJdbcConnectionAccess.obtainConnection(JdbcEnvironmentInitiator.java:428)
	at org.hibernate.resource.transaction.backend.jdbc.internal.JdbcIsolationDelegate.delegateWork(JdbcIsolationDelegate.java:61)
	at org.hibernate.engine.jdbc.env.internal.JdbcEnvironmentInitiator.getJdbcEnvironmentUsingJdbcMetadata(JdbcEnvironmentInitiator.java:276)
	at org.hibernate.engine.jdbc.env.internal.JdbcEnvironmentInitiator.initiateService(JdbcEnvironmentInitiator.java:107)
	at org.hibernate.engine.jdbc.env.internal.JdbcEnvironmentInitiator.initiateService(JdbcEnvironmentInitiator.java:68)
	at org.hibernate.boot.registry.internal.StandardServiceRegistryImpl.initiateService(StandardServiceRegistryImpl.java:130)
	at org.hibernate.service.internal.AbstractServiceRegistryImpl.createService(AbstractServiceRegistryImpl.java:263)
	at org.hibernate.service.internal.AbstractServiceRegistryImpl.initializeService(AbstractServiceRegistryImpl.java:238)
	at org.hibernate.service.internal.AbstractServiceRegistryImpl.getService(AbstractServiceRegistryImpl.java:215)
	at org.hibernate.boot.model.relational.Database.<init>(Database.java:45)
	at org.hibernate.boot.internal.InFlightMetadataCollectorImpl.getDatabase(InFlightMetadataCollectorImpl.java:223)
	at org.hibernate.boot.internal.InFlightMetadataCollectorImpl.<init>(InFlightMetadataCollectorImpl.java:191)
	at org.hibernate.boot.model.process.spi.MetadataBuildingProcess.complete(MetadataBuildingProcess.java:170)
	at org.hibernate.jpa.boot.internal.EntityManagerFactoryBuilderImpl.metadata(EntityManagerFactoryBuilderImpl.java:1432)
	at org.hibernate.jpa.boot.internal.EntityManagerFactoryBuilderImpl.build(EntityManagerFactoryBuilderImpl.java:1503)
	at org.springframework.orm.jpa.vendor.SpringHibernateJpaPersistenceProvider.createContainerEntityManagerFactory(SpringHibernateJpaPersistenceProvider.java:75)
	at org.springframework.orm.jpa.LocalContainerEntityManagerFactoryBean.createNativeEntityManagerFactory(LocalContainerEntityManagerFactoryBean.java:390)
	at org.springframework.orm.jpa.AbstractEntityManagerFactoryBean.buildNativeEntityManagerFactory(AbstractEntityManagerFactoryBean.java:409)
	at org.springframework.orm.jpa.AbstractEntityManagerFactoryBean.afterPropertiesSet(AbstractEntityManagerFactoryBean.java:396)
	at org.springframework.orm.jpa.LocalContainerEntityManagerFactoryBean.afterPropertiesSet(LocalContainerEntityManagerFactoryBean.java:366)
	at org.springframework.beans.factory.support.AbstractAutowireCapableBeanFactory.invokeInitMethods(AbstractAutowireCapableBeanFactory.java:1833)
	at org.springframework.beans.factory.support.AbstractAutowireCapableBeanFactory.initializeBean(AbstractAutowireCapableBeanFactory.java:1782)
	at org.springframework.beans.factory.support.AbstractAutowireCapableBeanFactory.doCreateBean(AbstractAutowireCapableBeanFactory.java:600)
	at org.springframework.beans.factory.support.AbstractAutowireCapableBeanFactory.createBean(AbstractAutowireCapableBeanFactory.java:522)
	at org.springframework.beans.factory.support.AbstractBeanFactory.lambda$doGetBean$0(AbstractBeanFactory.java:326)
	at org.springframework.beans.factory.support.DefaultSingletonBeanRegistry.getSingleton(DefaultSingletonBeanRegistry.java:234)
	at org.springframework.beans.factory.support.AbstractBeanFactory.doGetBean(AbstractBeanFactory.java:324)
	at org.springframework.beans.factory.support.AbstractBeanFactory.getBean(AbstractBeanFactory.java:200)
	at org.springframework.context.support.AbstractApplicationContext.getBean(AbstractApplicationContext.java:1234)
	at org.springframework.context.support.AbstractApplicationContext.finishBeanFactoryInitialization(AbstractApplicationContext.java:952)
	at org.springframework.context.support.AbstractApplicationContext.refresh(AbstractApplicationContext.java:624)
	at org.springframework.boot.web.servlet.context.ServletWebServerApplicationContext.refresh(ServletWebServerApplicationContext.java:146)
	at org.springframework.boot.SpringApplication.refresh(SpringApplication.java:754)
	at org.springframework.boot.SpringApplication.refreshContext(SpringApplication.java:456)
	at org.springframework.boot.SpringApplication.run(SpringApplication.java:334)
	at org.springframework.boot.SpringApplication.run(SpringApplication.java:1354)
	at org.springframework.boot.SpringApplication.run(SpringApplication.java:1343)
	at org.payment.api.ApiApplication.main(ApiApplication.java:15)
2024-09-15 22:32:56.466 [main] WARN  o.h.e.j.e.i.JdbcEnvironmentInitiator
                - HHH000342: Could not obtain connection to query metadata   
java.lang.NullPointerException: Cannot invoke "org.hibernate.engine.jdbc.spi.SqlExceptionHelper.convert(java.sql.SQLException, String)" because the return value of "org.hibernate.resource.transaction.backend.jdbc.internal.JdbcIsolationDelegate.sqlExceptionHelper()" is null
	at org.hibernate.resource.transaction.backend.jdbc.internal.JdbcIsolationDelegate.delegateWork(JdbcIsolationDelegate.java:116)
	at org.hibernate.engine.jdbc.env.internal.JdbcEnvironmentInitiator.getJdbcEnvironmentUsingJdbcMetadata(JdbcEnvironmentInitiator.java:276)
	at org.hibernate.engine.jdbc.env.internal.JdbcEnvironmentInitiator.initiateService(JdbcEnvironmentInitiator.java:107)
	at org.hibernate.engine.jdbc.env.internal.JdbcEnvironmentInitiator.initiateService(JdbcEnvironmentInitiator.java:68)
	at org.hibernate.boot.registry.internal.StandardServiceRegistryImpl.initiateService(StandardServiceRegistryImpl.java:130)
	at org.hibernate.service.internal.AbstractServiceRegistryImpl.createService(AbstractServiceRegistryImpl.java:263)
	at org.hibernate.service.internal.AbstractServiceRegistryImpl.initializeService(AbstractServiceRegistryImpl.java:238)
	at org.hibernate.service.internal.AbstractServiceRegistryImpl.getService(AbstractServiceRegistryImpl.java:215)
	at org.hibernate.boot.model.relational.Database.<init>(Database.java:45)
	at org.hibernate.boot.internal.InFlightMetadataCollectorImpl.getDatabase(InFlightMetadataCollectorImpl.java:223)
	at org.hibernate.boot.internal.InFlightMetadataCollectorImpl.<init>(InFlightMetadataCollectorImpl.java:191)
	at org.hibernate.boot.model.process.spi.MetadataBuildingProcess.complete(MetadataBuildingProcess.java:170)
	at org.hibernate.jpa.boot.internal.EntityManagerFactoryBuilderImpl.metadata(EntityManagerFactoryBuilderImpl.java:1432)
	at org.hibernate.jpa.boot.internal.EntityManagerFactoryBuilderImpl.build(EntityManagerFactoryBuilderImpl.java:1503)
	at org.springframework.orm.jpa.vendor.SpringHibernateJpaPersistenceProvider.createContainerEntityManagerFactory(SpringHibernateJpaPersistenceProvider.java:75)
	at org.springframework.orm.jpa.LocalContainerEntityManagerFactoryBean.createNativeEntityManagerFactory(LocalContainerEntityManagerFactoryBean.java:390)
	at org.springframework.orm.jpa.AbstractEntityManagerFactoryBean.buildNativeEntityManagerFactory(AbstractEntityManagerFactoryBean.java:409)
	at org.springframework.orm.jpa.AbstractEntityManagerFactoryBean.afterPropertiesSet(AbstractEntityManagerFactoryBean.java:396)
	at org.springframework.orm.jpa.LocalContainerEntityManagerFactoryBean.afterPropertiesSet(LocalContainerEntityManagerFactoryBean.java:366)
	at org.springframework.beans.factory.support.AbstractAutowireCapableBeanFactory.invokeInitMethods(AbstractAutowireCapableBeanFactory.java:1833)
	at org.springframework.beans.factory.support.AbstractAutowireCapableBeanFactory.initializeBean(AbstractAutowireCapableBeanFactory.java:1782)
	at org.springframework.beans.factory.support.AbstractAutowireCapableBeanFactory.doCreateBean(AbstractAutowireCapableBeanFactory.java:600)
	at org.springframework.beans.factory.support.AbstractAutowireCapableBeanFactory.createBean(AbstractAutowireCapableBeanFactory.java:522)
	at org.springframework.beans.factory.support.AbstractBeanFactory.lambda$doGetBean$0(AbstractBeanFactory.java:326)
	at org.springframework.beans.factory.support.DefaultSingletonBeanRegistry.getSingleton(DefaultSingletonBeanRegistry.java:234)
	at org.springframework.beans.factory.support.AbstractBeanFactory.doGetBean(AbstractBeanFactory.java:324)
	at org.springframework.beans.factory.support.AbstractBeanFactory.getBean(AbstractBeanFactory.java:200)
	at org.springframework.context.support.AbstractApplicationContext.getBean(AbstractApplicationContext.java:1234)
	at org.springframework.context.support.AbstractApplicationContext.finishBeanFactoryInitialization(AbstractApplicationContext.java:952)
	at org.springframework.context.support.AbstractApplicationContext.refresh(AbstractApplicationContext.java:624)
	at org.springframework.boot.web.servlet.context.ServletWebServerApplicationContext.refresh(ServletWebServerApplicationContext.java:146)
	at org.springframework.boot.SpringApplication.refresh(SpringApplication.java:754)
	at org.springframework.boot.SpringApplication.refreshContext(SpringApplication.java:456)
	at org.springframework.boot.SpringApplication.run(SpringApplication.java:334)
	at org.springframework.boot.SpringApplication.run(SpringApplication.java:1354)
	at org.springframework.boot.SpringApplication.run(SpringApplication.java:1343)
	at org.payment.api.ApiApplication.main(ApiApplication.java:15)
2024-09-15 22:32:56.466 [main] WARN  o.h.e.j.e.i.JdbcEnvironmentInitiator
                - HHH000342: Could not obtain connection to query metadata   
java.lang.NullPointerException: Cannot invoke "org.hibernate.engine.jdbc.spi.SqlExceptionHelper.convert(java.sql.SQLException, String)" because the return value of "org.hibernate.resource.transaction.backend.jdbc.internal.JdbcIsolationDelegate.sqlExceptionHelper()" is null
	at org.hibernate.resource.transaction.backend.jdbc.internal.JdbcIsolationDelegate.delegateWork(JdbcIsolationDelegate.java:116)
	at org.hibernate.engine.jdbc.env.internal.JdbcEnvironmentInitiator.getJdbcEnvironmentUsingJdbcMetadata(JdbcEnvironmentInitiator.java:276)
	at org.hibernate.engine.jdbc.env.internal.JdbcEnvironmentInitiator.initiateService(JdbcEnvironmentInitiator.java:107)
	at org.hibernate.engine.jdbc.env.internal.JdbcEnvironmentInitiator.initiateService(JdbcEnvironmentInitiator.java:68)
	at org.hibernate.boot.registry.internal.StandardServiceRegistryImpl.initiateService(StandardServiceRegistryImpl.java:130)
	at org.hibernate.service.internal.AbstractServiceRegistryImpl.createService(AbstractServiceRegistryImpl.java:263)
	at org.hibernate.service.internal.AbstractServiceRegistryImpl.initializeService(AbstractServiceRegistryImpl.java:238)
	at org.hibernate.service.internal.AbstractServiceRegistryImpl.getService(AbstractServiceRegistryImpl.java:215)
	at org.hibernate.boot.model.relational.Database.<init>(Database.java:45)
	at org.hibernate.boot.internal.InFlightMetadataCollectorImpl.getDatabase(InFlightMetadataCollectorImpl.java:223)
	at org.hibernate.boot.internal.InFlightMetadataCollectorImpl.<init>(InFlightMetadataCollectorImpl.java:191)
	at org.hibernate.boot.model.process.spi.MetadataBuildingProcess.complete(MetadataBuildingProcess.java:170)
	at org.hibernate.jpa.boot.internal.EntityManagerFactoryBuilderImpl.metadata(EntityManagerFactoryBuilderImpl.java:1432)
	at org.hibernate.jpa.boot.internal.EntityManagerFactoryBuilderImpl.build(EntityManagerFactoryBuilderImpl.java:1503)
	at org.springframework.orm.jpa.vendor.SpringHibernateJpaPersistenceProvider.createContainerEntityManagerFactory(SpringHibernateJpaPersistenceProvider.java:75)
	at org.springframework.orm.jpa.LocalContainerEntityManagerFactoryBean.createNativeEntityManagerFactory(LocalContainerEntityManagerFactoryBean.java:390)
	at org.springframework.orm.jpa.AbstractEntityManagerFactoryBean.buildNativeEntityManagerFactory(AbstractEntityManagerFactoryBean.java:409)
	at org.springframework.orm.jpa.AbstractEntityManagerFactoryBean.afterPropertiesSet(AbstractEntityManagerFactoryBean.java:396)
	at org.springframework.orm.jpa.LocalContainerEntityManagerFactoryBean.afterPropertiesSet(LocalContainerEntityManagerFactoryBean.java:366)
	at org.springframework.beans.factory.support.AbstractAutowireCapableBeanFactory.invokeInitMethods(AbstractAutowireCapableBeanFactory.java:1833)
	at org.springframework.beans.factory.support.AbstractAutowireCapableBeanFactory.initializeBean(AbstractAutowireCapableBeanFactory.java:1782)
	at org.springframework.beans.factory.support.AbstractAutowireCapableBeanFactory.doCreateBean(AbstractAutowireCapableBeanFactory.java:600)
	at org.springframework.beans.factory.support.AbstractAutowireCapableBeanFactory.createBean(AbstractAutowireCapableBeanFactory.java:522)
	at org.springframework.beans.factory.support.AbstractBeanFactory.lambda$doGetBean$0(AbstractBeanFactory.java:326)
	at org.springframework.beans.factory.support.DefaultSingletonBeanRegistry.getSingleton(DefaultSingletonBeanRegistry.java:234)
	at org.springframework.beans.factory.support.AbstractBeanFactory.doGetBean(AbstractBeanFactory.java:324)
	at org.springframework.beans.factory.support.AbstractBeanFactory.getBean(AbstractBeanFactory.java:200)
	at org.springframework.context.support.AbstractApplicationContext.getBean(AbstractApplicationContext.java:1234)
	at org.springframework.context.support.AbstractApplicationContext.finishBeanFactoryInitialization(AbstractApplicationContext.java:952)
	at org.springframework.context.support.AbstractApplicationContext.refresh(AbstractApplicationContext.java:624)
	at org.springframework.boot.web.servlet.context.ServletWebServerApplicationContext.refresh(ServletWebServerApplicationContext.java:146)
	at org.springframework.boot.SpringApplication.refresh(SpringApplication.java:754)
	at org.springframework.boot.SpringApplication.refreshContext(SpringApplication.java:456)
	at org.springframework.boot.SpringApplication.run(SpringApplication.java:334)
	at org.springframework.boot.SpringApplication.run(SpringApplication.java:1354)
	at org.springframework.boot.SpringApplication.run(SpringApplication.java:1343)
	at org.payment.api.ApiApplication.main(ApiApplication.java:15)
2024-09-15 22:32:56.506 [main] WARN  org.hibernate.orm.deprecation
                - HHH90000025: MySQLDialect does not need to be specified explicitly using 'hibernate.dialect' (remove the property setting and it will be selected by default)   
2024-09-15 22:32:56.506 [main] WARN  org.hibernate.orm.deprecation
                - HHH90000025: MySQLDialect does not need to be specified explicitly using 'hibernate.dialect' (remove the property setting and it will be selected by default)   
2024-09-15 22:32:57.297 [main] INFO  o.h.e.t.j.p.i.JtaPlatformInitiator
                - HHH000489: No JTA platform available (set 'hibernate.transaction.jta.platform' to enable JTA platform integration)   
2024-09-15 22:32:57.297 [main] INFO  o.h.e.t.j.p.i.JtaPlatformInitiator
                - HHH000489: No JTA platform available (set 'hibernate.transaction.jta.platform' to enable JTA platform integration)   
2024-09-15 22:32:57.316 [main] INFO  com.zaxxer.hikari.HikariDataSource
                - HikariPool-1 - Starting...   
2024-09-15 22:32:57.316 [main] INFO  com.zaxxer.hikari.HikariDataSource
                - HikariPool-1 - Starting...   
2024-09-15 22:32:58.322 [main] ERROR com.zaxxer.hikari.pool.HikariPool
                - HikariPool-1 - Exception during pool initialization.   
java.sql.SQLSyntaxErrorException: Unknown database 'fintech_service'
	at com.mysql.cj.jdbc.exceptions.SQLError.createSQLException(SQLError.java:120)
	at com.mysql.cj.jdbc.exceptions.SQLExceptionsMapping.translateException(SQLExceptionsMapping.java:122)
	at com.mysql.cj.jdbc.ConnectionImpl.createNewIO(ConnectionImpl.java:828)
	at com.mysql.cj.jdbc.ConnectionImpl.<init>(ConnectionImpl.java:448)
	at com.mysql.cj.jdbc.ConnectionImpl.getInstance(ConnectionImpl.java:241)
	at com.mysql.cj.jdbc.NonRegisteringDriver.connect(NonRegisteringDriver.java:198)
	at com.zaxxer.hikari.util.DriverDataSource.getConnection(DriverDataSource.java:138)
	at com.zaxxer.hikari.pool.PoolBase.newConnection(PoolBase.java:359)
	at com.zaxxer.hikari.pool.PoolBase.newPoolEntry(PoolBase.java:201)
	at com.zaxxer.hikari.pool.HikariPool.createPoolEntry(HikariPool.java:470)
	at com.zaxxer.hikari.pool.HikariPool.checkFailFast(HikariPool.java:561)
	at com.zaxxer.hikari.pool.HikariPool.<init>(HikariPool.java:100)
	at com.zaxxer.hikari.HikariDataSource.getConnection(HikariDataSource.java:112)
	at org.hibernate.engine.jdbc.connections.internal.DatasourceConnectionProviderImpl.getConnection(DatasourceConnectionProviderImpl.java:122)
	at org.hibernate.engine.jdbc.env.internal.JdbcEnvironmentInitiator$ConnectionProviderJdbcConnectionAccess.obtainConnection(JdbcEnvironmentInitiator.java:428)
	at org.hibernate.resource.transaction.backend.jdbc.internal.DdlTransactionIsolatorNonJtaImpl.getIsolatedConnection(DdlTransactionIsolatorNonJtaImpl.java:46)
	at org.hibernate.resource.transaction.backend.jdbc.internal.DdlTransactionIsolatorNonJtaImpl.getIsolatedConnection(DdlTransactionIsolatorNonJtaImpl.java:39)
	at org.hibernate.tool.schema.internal.exec.ImprovedExtractionContextImpl.getJdbcConnection(ImprovedExtractionContextImpl.java:63)
	at org.hibernate.tool.schema.internal.exec.ImprovedExtractionContextImpl.getJdbcDatabaseMetaData(ImprovedExtractionContextImpl.java:70)
	at org.hibernate.tool.schema.extract.internal.InformationExtractorJdbcDatabaseMetaDataImpl.processTableResultSet(InformationExtractorJdbcDatabaseMetaDataImpl.java:64)
	at org.hibernate.tool.schema.extract.internal.AbstractInformationExtractorImpl.getTables(AbstractInformationExtractorImpl.java:570)
	at org.hibernate.tool.schema.extract.internal.DatabaseInformationImpl.getTablesInformation(DatabaseInformationImpl.java:122)
	at org.hibernate.tool.schema.internal.GroupedSchemaMigratorImpl.performTablesMigration(GroupedSchemaMigratorImpl.java:72)
	at org.hibernate.tool.schema.internal.AbstractSchemaMigrator.performMigration(AbstractSchemaMigrator.java:232)
	at org.hibernate.tool.schema.internal.AbstractSchemaMigrator.doMigration(AbstractSchemaMigrator.java:117)
	at org.hibernate.tool.schema.spi.SchemaManagementToolCoordinator.performDatabaseAction(SchemaManagementToolCoordinator.java:286)
	at org.hibernate.tool.schema.spi.SchemaManagementToolCoordinator.lambda$process$5(SchemaManagementToolCoordinator.java:145)
	at java.base/java.util.HashMap.forEach(HashMap.java:1421)
	at org.hibernate.tool.schema.spi.SchemaManagementToolCoordinator.process(SchemaManagementToolCoordinator.java:142)
	at org.hibernate.boot.internal.SessionFactoryObserverForSchemaExport.sessionFactoryCreated(SessionFactoryObserverForSchemaExport.java:37)
	at org.hibernate.internal.SessionFactoryObserverChain.sessionFactoryCreated(SessionFactoryObserverChain.java:35)
	at org.hibernate.internal.SessionFactoryImpl.<init>(SessionFactoryImpl.java:315)
	at org.hibernate.boot.internal.SessionFactoryBuilderImpl.build(SessionFactoryBuilderImpl.java:450)
	at org.hibernate.jpa.boot.internal.EntityManagerFactoryBuilderImpl.build(EntityManagerFactoryBuilderImpl.java:1507)
	at org.springframework.orm.jpa.vendor.SpringHibernateJpaPersistenceProvider.createContainerEntityManagerFactory(SpringHibernateJpaPersistenceProvider.java:75)
	at org.springframework.orm.jpa.LocalContainerEntityManagerFactoryBean.createNativeEntityManagerFactory(LocalContainerEntityManagerFactoryBean.java:390)
	at org.springframework.orm.jpa.AbstractEntityManagerFactoryBean.buildNativeEntityManagerFactory(AbstractEntityManagerFactoryBean.java:409)
	at org.springframework.orm.jpa.AbstractEntityManagerFactoryBean.afterPropertiesSet(AbstractEntityManagerFactoryBean.java:396)
	at org.springframework.orm.jpa.LocalContainerEntityManagerFactoryBean.afterPropertiesSet(LocalContainerEntityManagerFactoryBean.java:366)
	at org.springframework.beans.factory.support.AbstractAutowireCapableBeanFactory.invokeInitMethods(AbstractAutowireCapableBeanFactory.java:1833)
	at org.springframework.beans.factory.support.AbstractAutowireCapableBeanFactory.initializeBean(AbstractAutowireCapableBeanFactory.java:1782)
	at org.springframework.beans.factory.support.AbstractAutowireCapableBeanFactory.doCreateBean(AbstractAutowireCapableBeanFactory.java:600)
	at org.springframework.beans.factory.support.AbstractAutowireCapableBeanFactory.createBean(AbstractAutowireCapableBeanFactory.java:522)
	at org.springframework.beans.factory.support.AbstractBeanFactory.lambda$doGetBean$0(AbstractBeanFactory.java:326)
	at org.springframework.beans.factory.support.DefaultSingletonBeanRegistry.getSingleton(DefaultSingletonBeanRegistry.java:234)
	at org.springframework.beans.factory.support.AbstractBeanFactory.doGetBean(AbstractBeanFactory.java:324)
	at org.springframework.beans.factory.support.AbstractBeanFactory.getBean(AbstractBeanFactory.java:200)
	at org.springframework.context.support.AbstractApplicationContext.getBean(AbstractApplicationContext.java:1234)
	at org.springframework.context.support.AbstractApplicationContext.finishBeanFactoryInitialization(AbstractApplicationContext.java:952)
	at org.springframework.context.support.AbstractApplicationContext.refresh(AbstractApplicationContext.java:624)
	at org.springframework.boot.web.servlet.context.ServletWebServerApplicationContext.refresh(ServletWebServerApplicationContext.java:146)
	at org.springframework.boot.SpringApplication.refresh(SpringApplication.java:754)
	at org.springframework.boot.SpringApplication.refreshContext(SpringApplication.java:456)
	at org.springframework.boot.SpringApplication.run(SpringApplication.java:334)
	at org.springframework.boot.SpringApplication.run(SpringApplication.java:1354)
	at org.springframework.boot.SpringApplication.run(SpringApplication.java:1343)
	at org.payment.api.ApiApplication.main(ApiApplication.java:15)
2024-09-15 22:32:58.322 [main] ERROR com.zaxxer.hikari.pool.HikariPool
                - HikariPool-1 - Exception during pool initialization.   
java.sql.SQLSyntaxErrorException: Unknown database 'fintech_service'
	at com.mysql.cj.jdbc.exceptions.SQLError.createSQLException(SQLError.java:120)
	at com.mysql.cj.jdbc.exceptions.SQLExceptionsMapping.translateException(SQLExceptionsMapping.java:122)
	at com.mysql.cj.jdbc.ConnectionImpl.createNewIO(ConnectionImpl.java:828)
	at com.mysql.cj.jdbc.ConnectionImpl.<init>(ConnectionImpl.java:448)
	at com.mysql.cj.jdbc.ConnectionImpl.getInstance(ConnectionImpl.java:241)
	at com.mysql.cj.jdbc.NonRegisteringDriver.connect(NonRegisteringDriver.java:198)
	at com.zaxxer.hikari.util.DriverDataSource.getConnection(DriverDataSource.java:138)
	at com.zaxxer.hikari.pool.PoolBase.newConnection(PoolBase.java:359)
	at com.zaxxer.hikari.pool.PoolBase.newPoolEntry(PoolBase.java:201)
	at com.zaxxer.hikari.pool.HikariPool.createPoolEntry(HikariPool.java:470)
	at com.zaxxer.hikari.pool.HikariPool.checkFailFast(HikariPool.java:561)
	at com.zaxxer.hikari.pool.HikariPool.<init>(HikariPool.java:100)
	at com.zaxxer.hikari.HikariDataSource.getConnection(HikariDataSource.java:112)
	at org.hibernate.engine.jdbc.connections.internal.DatasourceConnectionProviderImpl.getConnection(DatasourceConnectionProviderImpl.java:122)
	at org.hibernate.engine.jdbc.env.internal.JdbcEnvironmentInitiator$ConnectionProviderJdbcConnectionAccess.obtainConnection(JdbcEnvironmentInitiator.java:428)
	at org.hibernate.resource.transaction.backend.jdbc.internal.DdlTransactionIsolatorNonJtaImpl.getIsolatedConnection(DdlTransactionIsolatorNonJtaImpl.java:46)
	at org.hibernate.resource.transaction.backend.jdbc.internal.DdlTransactionIsolatorNonJtaImpl.getIsolatedConnection(DdlTransactionIsolatorNonJtaImpl.java:39)
	at org.hibernate.tool.schema.internal.exec.ImprovedExtractionContextImpl.getJdbcConnection(ImprovedExtractionContextImpl.java:63)
	at org.hibernate.tool.schema.internal.exec.ImprovedExtractionContextImpl.getJdbcDatabaseMetaData(ImprovedExtractionContextImpl.java:70)
	at org.hibernate.tool.schema.extract.internal.InformationExtractorJdbcDatabaseMetaDataImpl.processTableResultSet(InformationExtractorJdbcDatabaseMetaDataImpl.java:64)
	at org.hibernate.tool.schema.extract.internal.AbstractInformationExtractorImpl.getTables(AbstractInformationExtractorImpl.java:570)
	at org.hibernate.tool.schema.extract.internal.DatabaseInformationImpl.getTablesInformation(DatabaseInformationImpl.java:122)
	at org.hibernate.tool.schema.internal.GroupedSchemaMigratorImpl.performTablesMigration(GroupedSchemaMigratorImpl.java:72)
	at org.hibernate.tool.schema.internal.AbstractSchemaMigrator.performMigration(AbstractSchemaMigrator.java:232)
	at org.hibernate.tool.schema.internal.AbstractSchemaMigrator.doMigration(AbstractSchemaMigrator.java:117)
	at org.hibernate.tool.schema.spi.SchemaManagementToolCoordinator.performDatabaseAction(SchemaManagementToolCoordinator.java:286)
	at org.hibernate.tool.schema.spi.SchemaManagementToolCoordinator.lambda$process$5(SchemaManagementToolCoordinator.java:145)
	at java.base/java.util.HashMap.forEach(HashMap.java:1421)
	at org.hibernate.tool.schema.spi.SchemaManagementToolCoordinator.process(SchemaManagementToolCoordinator.java:142)
	at org.hibernate.boot.internal.SessionFactoryObserverForSchemaExport.sessionFactoryCreated(SessionFactoryObserverForSchemaExport.java:37)
	at org.hibernate.internal.SessionFactoryObserverChain.sessionFactoryCreated(SessionFactoryObserverChain.java:35)
	at org.hibernate.internal.SessionFactoryImpl.<init>(SessionFactoryImpl.java:315)
	at org.hibernate.boot.internal.SessionFactoryBuilderImpl.build(SessionFactoryBuilderImpl.java:450)
	at org.hibernate.jpa.boot.internal.EntityManagerFactoryBuilderImpl.build(EntityManagerFactoryBuilderImpl.java:1507)
	at org.springframework.orm.jpa.vendor.SpringHibernateJpaPersistenceProvider.createContainerEntityManagerFactory(SpringHibernateJpaPersistenceProvider.java:75)
	at org.springframework.orm.jpa.LocalContainerEntityManagerFactoryBean.createNativeEntityManagerFactory(LocalContainerEntityManagerFactoryBean.java:390)
	at org.springframework.orm.jpa.AbstractEntityManagerFactoryBean.buildNativeEntityManagerFactory(AbstractEntityManagerFactoryBean.java:409)
	at org.springframework.orm.jpa.AbstractEntityManagerFactoryBean.afterPropertiesSet(AbstractEntityManagerFactoryBean.java:396)
	at org.springframework.orm.jpa.LocalContainerEntityManagerFactoryBean.afterPropertiesSet(LocalContainerEntityManagerFactoryBean.java:366)
	at org.springframework.beans.factory.support.AbstractAutowireCapableBeanFactory.invokeInitMethods(AbstractAutowireCapableBeanFactory.java:1833)
	at org.springframework.beans.factory.support.AbstractAutowireCapableBeanFactory.initializeBean(AbstractAutowireCapableBeanFactory.java:1782)
	at org.springframework.beans.factory.support.AbstractAutowireCapableBeanFactory.doCreateBean(AbstractAutowireCapableBeanFactory.java:600)
	at org.springframework.beans.factory.support.AbstractAutowireCapableBeanFactory.createBean(AbstractAutowireCapableBeanFactory.java:522)
	at org.springframework.beans.factory.support.AbstractBeanFactory.lambda$doGetBean$0(AbstractBeanFactory.java:326)
	at org.springframework.beans.factory.support.DefaultSingletonBeanRegistry.getSingleton(DefaultSingletonBeanRegistry.java:234)
	at org.springframework.beans.factory.support.AbstractBeanFactory.doGetBean(AbstractBeanFactory.java:324)
	at org.springframework.beans.factory.support.AbstractBeanFactory.getBean(AbstractBeanFactory.java:200)
	at org.springframework.context.support.AbstractApplicationContext.getBean(AbstractApplicationContext.java:1234)
	at org.springframework.context.support.AbstractApplicationContext.finishBeanFactoryInitialization(AbstractApplicationContext.java:952)
	at org.springframework.context.support.AbstractApplicationContext.refresh(AbstractApplicationContext.java:624)
	at org.springframework.boot.web.servlet.context.ServletWebServerApplicationContext.refresh(ServletWebServerApplicationContext.java:146)
	at org.springframework.boot.SpringApplication.refresh(SpringApplication.java:754)
	at org.springframework.boot.SpringApplication.refreshContext(SpringApplication.java:456)
	at org.springframework.boot.SpringApplication.run(SpringApplication.java:334)
	at org.springframework.boot.SpringApplication.run(SpringApplication.java:1354)
	at org.springframework.boot.SpringApplication.run(SpringApplication.java:1343)
	at org.payment.api.ApiApplication.main(ApiApplication.java:15)
2024-09-15 22:32:58.323 [main] WARN  o.h.e.jdbc.spi.SqlExceptionHelper
                - SQL Error: 1049, SQLState: 42000   
2024-09-15 22:32:58.323 [main] WARN  o.h.e.jdbc.spi.SqlExceptionHelper
                - SQL Error: 1049, SQLState: 42000   
2024-09-15 22:32:58.324 [main] ERROR o.h.e.jdbc.spi.SqlExceptionHelper
                - Unknown database 'fintech_service'   
2024-09-15 22:32:58.324 [main] ERROR o.h.e.jdbc.spi.SqlExceptionHelper
                - Unknown database 'fintech_service'   
2024-09-15 22:32:58.328 [main] ERROR o.s.o.j.LocalContainerEntityManagerFactoryBean
                - Failed to initialize JPA EntityManagerFactory: [PersistenceUnit: default] Unable to build Hibernate SessionFactory; nested exception is org.hibernate.exception.SQLGrammarException: Unable to open JDBC Connection for DDL execution [Unknown database 'fintech_service'] [n/a]   
2024-09-15 22:32:58.328 [main] ERROR o.s.o.j.LocalContainerEntityManagerFactoryBean
                - Failed to initialize JPA EntityManagerFactory: [PersistenceUnit: default] Unable to build Hibernate SessionFactory; nested exception is org.hibernate.exception.SQLGrammarException: Unable to open JDBC Connection for DDL execution [Unknown database 'fintech_service'] [n/a]   
2024-09-15 22:32:58.328 [main] WARN  o.s.b.w.s.c.AnnotationConfigServletWebServerApplicationContext
                - Exception encountered during context initialization - cancelling refresh attempt: org.springframework.beans.factory.BeanCreationException: Error creating bean with name 'entityManagerFactory' defined in class path resource [org/springframework/boot/autoconfigure/orm/jpa/HibernateJpaConfiguration.class]: [PersistenceUnit: default] Unable to build Hibernate SessionFactory; nested exception is org.hibernate.exception.SQLGrammarException: Unable to open JDBC Connection for DDL execution [Unknown database 'fintech_service'] [n/a]   
2024-09-15 22:32:58.328 [main] WARN  o.s.b.w.s.c.AnnotationConfigServletWebServerApplicationContext
                - Exception encountered during context initialization - cancelling refresh attempt: org.springframework.beans.factory.BeanCreationException: Error creating bean with name 'entityManagerFactory' defined in class path resource [org/springframework/boot/autoconfigure/orm/jpa/HibernateJpaConfiguration.class]: [PersistenceUnit: default] Unable to build Hibernate SessionFactory; nested exception is org.hibernate.exception.SQLGrammarException: Unable to open JDBC Connection for DDL execution [Unknown database 'fintech_service'] [n/a]   
2024-09-15 22:32:58.330 [main] INFO  o.a.catalina.core.StandardService
                - Stopping service [Tomcat]   
2024-09-15 22:32:58.330 [main] INFO  o.a.catalina.core.StandardService
                - Stopping service [Tomcat]   
2024-09-15 22:32:58.344 [main] INFO  o.s.b.a.l.ConditionEvaluationReportLogger
                - 

Error starting ApplicationContext. To display the condition evaluation report re-run your application with 'debug' enabled.   
2024-09-15 22:32:58.344 [main] INFO  o.s.b.a.l.ConditionEvaluationReportLogger
                - 

Error starting ApplicationContext. To display the condition evaluation report re-run your application with 'debug' enabled.   
2024-09-15 22:32:58.360 [main] ERROR o.s.boot.SpringApplication
                - Application run failed   
org.springframework.beans.factory.BeanCreationException: Error creating bean with name 'entityManagerFactory' defined in class path resource [org/springframework/boot/autoconfigure/orm/jpa/HibernateJpaConfiguration.class]: [PersistenceUnit: default] Unable to build Hibernate SessionFactory; nested exception is org.hibernate.exception.SQLGrammarException: Unable to open JDBC Connection for DDL execution [Unknown database 'fintech_service'] [n/a]
	at org.springframework.beans.factory.support.AbstractAutowireCapableBeanFactory.initializeBean(AbstractAutowireCapableBeanFactory.java:1786)
	at org.springframework.beans.factory.support.AbstractAutowireCapableBeanFactory.doCreateBean(AbstractAutowireCapableBeanFactory.java:600)
	at org.springframework.beans.factory.support.AbstractAutowireCapableBeanFactory.createBean(AbstractAutowireCapableBeanFactory.java:522)
	at org.springframework.beans.factory.support.AbstractBeanFactory.lambda$doGetBean$0(AbstractBeanFactory.java:326)
	at org.springframework.beans.factory.support.DefaultSingletonBeanRegistry.getSingleton(DefaultSingletonBeanRegistry.java:234)
	at org.springframework.beans.factory.support.AbstractBeanFactory.doGetBean(AbstractBeanFactory.java:324)
	at org.springframework.beans.factory.support.AbstractBeanFactory.getBean(AbstractBeanFactory.java:200)
	at org.springframework.context.support.AbstractApplicationContext.getBean(AbstractApplicationContext.java:1234)
	at org.springframework.context.support.AbstractApplicationContext.finishBeanFactoryInitialization(AbstractApplicationContext.java:952)
	at org.springframework.context.support.AbstractApplicationContext.refresh(AbstractApplicationContext.java:624)
	at org.springframework.boot.web.servlet.context.ServletWebServerApplicationContext.refresh(ServletWebServerApplicationContext.java:146)
	at org.springframework.boot.SpringApplication.refresh(SpringApplication.java:754)
	at org.springframework.boot.SpringApplication.refreshContext(SpringApplication.java:456)
	at org.springframework.boot.SpringApplication.run(SpringApplication.java:334)
	at org.springframework.boot.SpringApplication.run(SpringApplication.java:1354)
	at org.springframework.boot.SpringApplication.run(SpringApplication.java:1343)
	at org.payment.api.ApiApplication.main(ApiApplication.java:15)
Caused by: jakarta.persistence.PersistenceException: [PersistenceUnit: default] Unable to build Hibernate SessionFactory; nested exception is org.hibernate.exception.SQLGrammarException: Unable to open JDBC Connection for DDL execution [Unknown database 'fintech_service'] [n/a]
	at org.springframework.orm.jpa.AbstractEntityManagerFactoryBean.buildNativeEntityManagerFactory(AbstractEntityManagerFactoryBean.java:421)
	at org.springframework.orm.jpa.AbstractEntityManagerFactoryBean.afterPropertiesSet(AbstractEntityManagerFactoryBean.java:396)
	at org.springframework.orm.jpa.LocalContainerEntityManagerFactoryBean.afterPropertiesSet(LocalContainerEntityManagerFactoryBean.java:366)
	at org.springframework.beans.factory.support.AbstractAutowireCapableBeanFactory.invokeInitMethods(AbstractAutowireCapableBeanFactory.java:1833)
	at org.springframework.beans.factory.support.AbstractAutowireCapableBeanFactory.initializeBean(AbstractAutowireCapableBeanFactory.java:1782)
	... 16 common frames omitted
Caused by: org.hibernate.exception.SQLGrammarException: Unable to open JDBC Connection for DDL execution [Unknown database 'fintech_service'] [n/a]
	at org.hibernate.exception.internal.SQLExceptionTypeDelegate.convert(SQLExceptionTypeDelegate.java:66)
	at org.hibernate.exception.internal.StandardSQLExceptionConverter.convert(StandardSQLExceptionConverter.java:58)
	at org.hibernate.engine.jdbc.spi.SqlExceptionHelper.convert(SqlExceptionHelper.java:108)
	at org.hibernate.engine.jdbc.spi.SqlExceptionHelper.convert(SqlExceptionHelper.java:94)
	at org.hibernate.resource.transaction.backend.jdbc.internal.DdlTransactionIsolatorNonJtaImpl.getIsolatedConnection(DdlTransactionIsolatorNonJtaImpl.java:74)
	at org.hibernate.resource.transaction.backend.jdbc.internal.DdlTransactionIsolatorNonJtaImpl.getIsolatedConnection(DdlTransactionIsolatorNonJtaImpl.java:39)
	at org.hibernate.tool.schema.internal.exec.ImprovedExtractionContextImpl.getJdbcConnection(ImprovedExtractionContextImpl.java:63)
	at org.hibernate.tool.schema.internal.exec.ImprovedExtractionContextImpl.getJdbcDatabaseMetaData(ImprovedExtractionContextImpl.java:70)
	at org.hibernate.tool.schema.extract.internal.InformationExtractorJdbcDatabaseMetaDataImpl.processTableResultSet(InformationExtractorJdbcDatabaseMetaDataImpl.java:64)
	at org.hibernate.tool.schema.extract.internal.AbstractInformationExtractorImpl.getTables(AbstractInformationExtractorImpl.java:570)
	at org.hibernate.tool.schema.extract.internal.DatabaseInformationImpl.getTablesInformation(DatabaseInformationImpl.java:122)
	at org.hibernate.tool.schema.internal.GroupedSchemaMigratorImpl.performTablesMigration(GroupedSchemaMigratorImpl.java:72)
	at org.hibernate.tool.schema.internal.AbstractSchemaMigrator.performMigration(AbstractSchemaMigrator.java:232)
	at org.hibernate.tool.schema.internal.AbstractSchemaMigrator.doMigration(AbstractSchemaMigrator.java:117)
	at org.hibernate.tool.schema.spi.SchemaManagementToolCoordinator.performDatabaseAction(SchemaManagementToolCoordinator.java:286)
	at org.hibernate.tool.schema.spi.SchemaManagementToolCoordinator.lambda$process$5(SchemaManagementToolCoordinator.java:145)
	at java.base/java.util.HashMap.forEach(HashMap.java:1421)
	at org.hibernate.tool.schema.spi.SchemaManagementToolCoordinator.process(SchemaManagementToolCoordinator.java:142)
	at org.hibernate.boot.internal.SessionFactoryObserverForSchemaExport.sessionFactoryCreated(SessionFactoryObserverForSchemaExport.java:37)
	at org.hibernate.internal.SessionFactoryObserverChain.sessionFactoryCreated(SessionFactoryObserverChain.java:35)
	at org.hibernate.internal.SessionFactoryImpl.<init>(SessionFactoryImpl.java:315)
	at org.hibernate.boot.internal.SessionFactoryBuilderImpl.build(SessionFactoryBuilderImpl.java:450)
	at org.hibernate.jpa.boot.internal.EntityManagerFactoryBuilderImpl.build(EntityManagerFactoryBuilderImpl.java:1507)
	at org.springframework.orm.jpa.vendor.SpringHibernateJpaPersistenceProvider.createContainerEntityManagerFactory(SpringHibernateJpaPersistenceProvider.java:75)
	at org.springframework.orm.jpa.LocalContainerEntityManagerFactoryBean.createNativeEntityManagerFactory(LocalContainerEntityManagerFactoryBean.java:390)
	at org.springframework.orm.jpa.AbstractEntityManagerFactoryBean.buildNativeEntityManagerFactory(AbstractEntityManagerFactoryBean.java:409)
	... 20 common frames omitted
Caused by: java.sql.SQLSyntaxErrorException: Unknown database 'fintech_service'
	at com.mysql.cj.jdbc.exceptions.SQLError.createSQLException(SQLError.java:120)
	at com.mysql.cj.jdbc.exceptions.SQLExceptionsMapping.translateException(SQLExceptionsMapping.java:122)
	at com.mysql.cj.jdbc.ConnectionImpl.createNewIO(ConnectionImpl.java:828)
	at com.mysql.cj.jdbc.ConnectionImpl.<init>(ConnectionImpl.java:448)
	at com.mysql.cj.jdbc.ConnectionImpl.getInstance(ConnectionImpl.java:241)
	at com.mysql.cj.jdbc.NonRegisteringDriver.connect(NonRegisteringDriver.java:198)
	at com.zaxxer.hikari.util.DriverDataSource.getConnection(DriverDataSource.java:138)
	at com.zaxxer.hikari.pool.PoolBase.newConnection(PoolBase.java:359)
	at com.zaxxer.hikari.pool.PoolBase.newPoolEntry(PoolBase.java:201)
	at com.zaxxer.hikari.pool.HikariPool.createPoolEntry(HikariPool.java:470)
	at com.zaxxer.hikari.pool.HikariPool.checkFailFast(HikariPool.java:561)
	at com.zaxxer.hikari.pool.HikariPool.<init>(HikariPool.java:100)
	at com.zaxxer.hikari.HikariDataSource.getConnection(HikariDataSource.java:112)
	at org.hibernate.engine.jdbc.connections.internal.DatasourceConnectionProviderImpl.getConnection(DatasourceConnectionProviderImpl.java:122)
	at org.hibernate.engine.jdbc.env.internal.JdbcEnvironmentInitiator$ConnectionProviderJdbcConnectionAccess.obtainConnection(JdbcEnvironmentInitiator.java:428)
	at org.hibernate.resource.transaction.backend.jdbc.internal.DdlTransactionIsolatorNonJtaImpl.getIsolatedConnection(DdlTransactionIsolatorNonJtaImpl.java:46)
	... 41 common frames omitted
2024-09-15 22:32:58.360 [main] ERROR o.s.boot.SpringApplication
                - Application run failed   
org.springframework.beans.factory.BeanCreationException: Error creating bean with name 'entityManagerFactory' defined in class path resource [org/springframework/boot/autoconfigure/orm/jpa/HibernateJpaConfiguration.class]: [PersistenceUnit: default] Unable to build Hibernate SessionFactory; nested exception is org.hibernate.exception.SQLGrammarException: Unable to open JDBC Connection for DDL execution [Unknown database 'fintech_service'] [n/a]
	at org.springframework.beans.factory.support.AbstractAutowireCapableBeanFactory.initializeBean(AbstractAutowireCapableBeanFactory.java:1786)
	at org.springframework.beans.factory.support.AbstractAutowireCapableBeanFactory.doCreateBean(AbstractAutowireCapableBeanFactory.java:600)
	at org.springframework.beans.factory.support.AbstractAutowireCapableBeanFactory.createBean(AbstractAutowireCapableBeanFactory.java:522)
	at org.springframework.beans.factory.support.AbstractBeanFactory.lambda$doGetBean$0(AbstractBeanFactory.java:326)
	at org.springframework.beans.factory.support.DefaultSingletonBeanRegistry.getSingleton(DefaultSingletonBeanRegistry.java:234)
	at org.springframework.beans.factory.support.AbstractBeanFactory.doGetBean(AbstractBeanFactory.java:324)
	at org.springframework.beans.factory.support.AbstractBeanFactory.getBean(AbstractBeanFactory.java:200)
	at org.springframework.context.support.AbstractApplicationContext.getBean(AbstractApplicationContext.java:1234)
	at org.springframework.context.support.AbstractApplicationContext.finishBeanFactoryInitialization(AbstractApplicationContext.java:952)
	at org.springframework.context.support.AbstractApplicationContext.refresh(AbstractApplicationContext.java:624)
	at org.springframework.boot.web.servlet.context.ServletWebServerApplicationContext.refresh(ServletWebServerApplicationContext.java:146)
	at org.springframework.boot.SpringApplication.refresh(SpringApplication.java:754)
	at org.springframework.boot.SpringApplication.refreshContext(SpringApplication.java:456)
	at org.springframework.boot.SpringApplication.run(SpringApplication.java:334)
	at org.springframework.boot.SpringApplication.run(SpringApplication.java:1354)
	at org.springframework.boot.SpringApplication.run(SpringApplication.java:1343)
	at org.payment.api.ApiApplication.main(ApiApplication.java:15)
Caused by: jakarta.persistence.PersistenceException: [PersistenceUnit: default] Unable to build Hibernate SessionFactory; nested exception is org.hibernate.exception.SQLGrammarException: Unable to open JDBC Connection for DDL execution [Unknown database 'fintech_service'] [n/a]
	at org.springframework.orm.jpa.AbstractEntityManagerFactoryBean.buildNativeEntityManagerFactory(AbstractEntityManagerFactoryBean.java:421)
	at org.springframework.orm.jpa.AbstractEntityManagerFactoryBean.afterPropertiesSet(AbstractEntityManagerFactoryBean.java:396)
	at org.springframework.orm.jpa.LocalContainerEntityManagerFactoryBean.afterPropertiesSet(LocalContainerEntityManagerFactoryBean.java:366)
	at org.springframework.beans.factory.support.AbstractAutowireCapableBeanFactory.invokeInitMethods(AbstractAutowireCapableBeanFactory.java:1833)
	at org.springframework.beans.factory.support.AbstractAutowireCapableBeanFactory.initializeBean(AbstractAutowireCapableBeanFactory.java:1782)
	... 16 common frames omitted
Caused by: org.hibernate.exception.SQLGrammarException: Unable to open JDBC Connection for DDL execution [Unknown database 'fintech_service'] [n/a]
	at org.hibernate.exception.internal.SQLExceptionTypeDelegate.convert(SQLExceptionTypeDelegate.java:66)
	at org.hibernate.exception.internal.StandardSQLExceptionConverter.convert(StandardSQLExceptionConverter.java:58)
	at org.hibernate.engine.jdbc.spi.SqlExceptionHelper.convert(SqlExceptionHelper.java:108)
	at org.hibernate.engine.jdbc.spi.SqlExceptionHelper.convert(SqlExceptionHelper.java:94)
	at org.hibernate.resource.transaction.backend.jdbc.internal.DdlTransactionIsolatorNonJtaImpl.getIsolatedConnection(DdlTransactionIsolatorNonJtaImpl.java:74)
	at org.hibernate.resource.transaction.backend.jdbc.internal.DdlTransactionIsolatorNonJtaImpl.getIsolatedConnection(DdlTransactionIsolatorNonJtaImpl.java:39)
	at org.hibernate.tool.schema.internal.exec.ImprovedExtractionContextImpl.getJdbcConnection(ImprovedExtractionContextImpl.java:63)
	at org.hibernate.tool.schema.internal.exec.ImprovedExtractionContextImpl.getJdbcDatabaseMetaData(ImprovedExtractionContextImpl.java:70)
	at org.hibernate.tool.schema.extract.internal.InformationExtractorJdbcDatabaseMetaDataImpl.processTableResultSet(InformationExtractorJdbcDatabaseMetaDataImpl.java:64)
	at org.hibernate.tool.schema.extract.internal.AbstractInformationExtractorImpl.getTables(AbstractInformationExtractorImpl.java:570)
	at org.hibernate.tool.schema.extract.internal.DatabaseInformationImpl.getTablesInformation(DatabaseInformationImpl.java:122)
	at org.hibernate.tool.schema.internal.GroupedSchemaMigratorImpl.performTablesMigration(GroupedSchemaMigratorImpl.java:72)
	at org.hibernate.tool.schema.internal.AbstractSchemaMigrator.performMigration(AbstractSchemaMigrator.java:232)
	at org.hibernate.tool.schema.internal.AbstractSchemaMigrator.doMigration(AbstractSchemaMigrator.java:117)
	at org.hibernate.tool.schema.spi.SchemaManagementToolCoordinator.performDatabaseAction(SchemaManagementToolCoordinator.java:286)
	at org.hibernate.tool.schema.spi.SchemaManagementToolCoordinator.lambda$process$5(SchemaManagementToolCoordinator.java:145)
	at java.base/java.util.HashMap.forEach(HashMap.java:1421)
	at org.hibernate.tool.schema.spi.SchemaManagementToolCoordinator.process(SchemaManagementToolCoordinator.java:142)
	at org.hibernate.boot.internal.SessionFactoryObserverForSchemaExport.sessionFactoryCreated(SessionFactoryObserverForSchemaExport.java:37)
	at org.hibernate.internal.SessionFactoryObserverChain.sessionFactoryCreated(SessionFactoryObserverChain.java:35)
	at org.hibernate.internal.SessionFactoryImpl.<init>(SessionFactoryImpl.java:315)
	at org.hibernate.boot.internal.SessionFactoryBuilderImpl.build(SessionFactoryBuilderImpl.java:450)
	at org.hibernate.jpa.boot.internal.EntityManagerFactoryBuilderImpl.build(EntityManagerFactoryBuilderImpl.java:1507)
	at org.springframework.orm.jpa.vendor.SpringHibernateJpaPersistenceProvider.createContainerEntityManagerFactory(SpringHibernateJpaPersistenceProvider.java:75)
	at org.springframework.orm.jpa.LocalContainerEntityManagerFactoryBean.createNativeEntityManagerFactory(LocalContainerEntityManagerFactoryBean.java:390)
	at org.springframework.orm.jpa.AbstractEntityManagerFactoryBean.buildNativeEntityManagerFactory(AbstractEntityManagerFactoryBean.java:409)
	... 20 common frames omitted
Caused by: java.sql.SQLSyntaxErrorException: Unknown database 'fintech_service'
	at com.mysql.cj.jdbc.exceptions.SQLError.createSQLException(SQLError.java:120)
	at com.mysql.cj.jdbc.exceptions.SQLExceptionsMapping.translateException(SQLExceptionsMapping.java:122)
	at com.mysql.cj.jdbc.ConnectionImpl.createNewIO(ConnectionImpl.java:828)
	at com.mysql.cj.jdbc.ConnectionImpl.<init>(ConnectionImpl.java:448)
	at com.mysql.cj.jdbc.ConnectionImpl.getInstance(ConnectionImpl.java:241)
	at com.mysql.cj.jdbc.NonRegisteringDriver.connect(NonRegisteringDriver.java:198)
	at com.zaxxer.hikari.util.DriverDataSource.getConnection(DriverDataSource.java:138)
	at com.zaxxer.hikari.pool.PoolBase.newConnection(PoolBase.java:359)
	at com.zaxxer.hikari.pool.PoolBase.newPoolEntry(PoolBase.java:201)
	at com.zaxxer.hikari.pool.HikariPool.createPoolEntry(HikariPool.java:470)
	at com.zaxxer.hikari.pool.HikariPool.checkFailFast(HikariPool.java:561)
	at com.zaxxer.hikari.pool.HikariPool.<init>(HikariPool.java:100)
	at com.zaxxer.hikari.HikariDataSource.getConnection(HikariDataSource.java:112)
	at org.hibernate.engine.jdbc.connections.internal.DatasourceConnectionProviderImpl.getConnection(DatasourceConnectionProviderImpl.java:122)
	at org.hibernate.engine.jdbc.env.internal.JdbcEnvironmentInitiator$ConnectionProviderJdbcConnectionAccess.obtainConnection(JdbcEnvironmentInitiator.java:428)
	at org.hibernate.resource.transaction.backend.jdbc.internal.DdlTransactionIsolatorNonJtaImpl.getIsolatedConnection(DdlTransactionIsolatorNonJtaImpl.java:46)
	... 41 common frames omitted
2024-09-15 22:39:56.343 [background-preinit] INFO  o.h.validator.internal.util.Version
                - HV000001: Hibernate Validator 8.0.1.Final   
2024-09-15 22:39:56.343 [background-preinit] INFO  o.h.validator.internal.util.Version
                - HV000001: Hibernate Validator 8.0.1.Final   
2024-09-15 22:39:56.380 [main] INFO  org.payment.api.ApiApplication
                - Starting ApiApplication using Java 17.0.10 with PID 14344 (D:\sideProject\fintech-service\api\build\classes\java\main started by Administrator in D:\sideProject\fintech-service)   
2024-09-15 22:39:56.380 [main] INFO  org.payment.api.ApiApplication
                - Starting ApiApplication using Java 17.0.10 with PID 14344 (D:\sideProject\fintech-service\api\build\classes\java\main started by Administrator in D:\sideProject\fintech-service)   
2024-09-15 22:39:56.380 [main] DEBUG org.payment.api.ApiApplication
                - Running with Spring Boot v3.2.4, Spring v6.1.5   
2024-09-15 22:39:56.380 [main] DEBUG org.payment.api.ApiApplication
                - Running with Spring Boot v3.2.4, Spring v6.1.5   
2024-09-15 22:39:56.381 [main] INFO  org.payment.api.ApiApplication
                - The following 1 profile is active: "local"   
2024-09-15 22:39:56.381 [main] INFO  org.payment.api.ApiApplication
                - The following 1 profile is active: "local"   
2024-09-15 22:39:57.025 [main] INFO  o.s.d.r.c.RepositoryConfigurationDelegate
                - Multiple Spring Data modules found, entering strict repository configuration mode   
2024-09-15 22:39:57.025 [main] INFO  o.s.d.r.c.RepositoryConfigurationDelegate
                - Multiple Spring Data modules found, entering strict repository configuration mode   
2024-09-15 22:39:57.025 [main] INFO  o.s.d.r.c.RepositoryConfigurationDelegate
                - Bootstrapping Spring Data JPA repositories in DEFAULT mode.   
2024-09-15 22:39:57.025 [main] INFO  o.s.d.r.c.RepositoryConfigurationDelegate
                - Bootstrapping Spring Data JPA repositories in DEFAULT mode.   
2024-09-15 22:39:57.228 [main] INFO  o.s.d.r.c.RepositoryConfigurationDelegate
                - Finished Spring Data repository scanning in 196 ms. Found 1 JPA repository interface.   
2024-09-15 22:39:57.228 [main] INFO  o.s.d.r.c.RepositoryConfigurationDelegate
                - Finished Spring Data repository scanning in 196 ms. Found 1 JPA repository interface.   
2024-09-15 22:39:57.268 [main] INFO  o.s.d.r.c.RepositoryConfigurationDelegate
                - Multiple Spring Data modules found, entering strict repository configuration mode   
2024-09-15 22:39:57.268 [main] INFO  o.s.d.r.c.RepositoryConfigurationDelegate
                - Multiple Spring Data modules found, entering strict repository configuration mode   
2024-09-15 22:39:57.269 [main] INFO  o.s.d.r.c.RepositoryConfigurationDelegate
                - Bootstrapping Spring Data Redis repositories in DEFAULT mode.   
2024-09-15 22:39:57.269 [main] INFO  o.s.d.r.c.RepositoryConfigurationDelegate
                - Bootstrapping Spring Data Redis repositories in DEFAULT mode.   
2024-09-15 22:39:57.280 [main] INFO  o.s.d.r.c.RepositoryConfigurationExtensionSupport
                - Spring Data Redis - Could not safely identify store assignment for repository candidate interface org.payment.db.user.UserRdbRepository; If you want this repository to be a Redis repository, consider annotating your entities with one of these annotations: org.springframework.data.redis.core.RedisHash (preferred), or consider extending one of the following types with your repository: org.springframework.data.keyvalue.repository.KeyValueRepository   
2024-09-15 22:39:57.280 [main] INFO  o.s.d.r.c.RepositoryConfigurationExtensionSupport
                - Spring Data Redis - Could not safely identify store assignment for repository candidate interface org.payment.db.user.UserRdbRepository; If you want this repository to be a Redis repository, consider annotating your entities with one of these annotations: org.springframework.data.redis.core.RedisHash (preferred), or consider extending one of the following types with your repository: org.springframework.data.keyvalue.repository.KeyValueRepository   
2024-09-15 22:39:57.281 [main] INFO  o.s.d.r.c.RepositoryConfigurationDelegate
                - Finished Spring Data repository scanning in 5 ms. Found 0 Redis repository interfaces.   
2024-09-15 22:39:57.281 [main] INFO  o.s.d.r.c.RepositoryConfigurationDelegate
                - Finished Spring Data repository scanning in 5 ms. Found 0 Redis repository interfaces.   
2024-09-15 22:39:57.607 [main] INFO  o.s.d.r.c.RepositoryConfigurationDelegate
                - Multiple Spring Data modules found, entering strict repository configuration mode   
2024-09-15 22:39:57.607 [main] INFO  o.s.d.r.c.RepositoryConfigurationDelegate
                - Multiple Spring Data modules found, entering strict repository configuration mode   
2024-09-15 22:39:57.607 [main] INFO  o.s.d.r.c.RepositoryConfigurationDelegate
                - Bootstrapping Spring Data Redis repositories in DEFAULT mode.   
2024-09-15 22:39:57.607 [main] INFO  o.s.d.r.c.RepositoryConfigurationDelegate
                - Bootstrapping Spring Data Redis repositories in DEFAULT mode.   
2024-09-15 22:39:57.616 [main] INFO  o.s.d.r.c.RepositoryConfigurationDelegate
                - Finished Spring Data repository scanning in 8 ms. Found 0 Redis repository interfaces.   
2024-09-15 22:39:57.616 [main] INFO  o.s.d.r.c.RepositoryConfigurationDelegate
                - Finished Spring Data repository scanning in 8 ms. Found 0 Redis repository interfaces.   
2024-09-15 22:39:58.561 [main] INFO  o.s.b.w.e.tomcat.TomcatWebServer
                - Tomcat initialized with port 8443 (https)   
2024-09-15 22:39:58.561 [main] INFO  o.s.b.w.e.tomcat.TomcatWebServer
                - Tomcat initialized with port 8443 (https)   
2024-09-15 22:39:58.575 [main] INFO  o.a.coyote.http11.Http11NioProtocol
                - Initializing ProtocolHandler ["https-jsse-nio-8443"]   
2024-09-15 22:39:58.575 [main] INFO  o.a.coyote.http11.Http11NioProtocol
                - Initializing ProtocolHandler ["https-jsse-nio-8443"]   
2024-09-15 22:39:58.580 [main] INFO  o.a.catalina.core.StandardService
                - Starting service [Tomcat]   
2024-09-15 22:39:58.580 [main] INFO  o.a.catalina.core.StandardService
                - Starting service [Tomcat]   
2024-09-15 22:39:58.581 [main] INFO  o.a.catalina.core.StandardEngine
                - Starting Servlet engine: [Apache Tomcat/10.1.19]   
2024-09-15 22:39:58.581 [main] INFO  o.a.catalina.core.StandardEngine
                - Starting Servlet engine: [Apache Tomcat/10.1.19]   
2024-09-15 22:39:58.671 [main] INFO  o.a.c.c.C.[Tomcat].[localhost].[/]
                - Initializing Spring embedded WebApplicationContext   
2024-09-15 22:39:58.671 [main] INFO  o.a.c.c.C.[Tomcat].[localhost].[/]
                - Initializing Spring embedded WebApplicationContext   
2024-09-15 22:39:58.672 [main] INFO  o.s.b.w.s.c.ServletWebServerApplicationContext
                - Root WebApplicationContext: initialization completed in 2235 ms   
2024-09-15 22:39:58.672 [main] INFO  o.s.b.w.s.c.ServletWebServerApplicationContext
                - Root WebApplicationContext: initialization completed in 2235 ms   
2024-09-15 22:39:58.991 [main] INFO  o.h.jpa.internal.util.LogHelper
                - HHH000204: Processing PersistenceUnitInfo [name: default]   
2024-09-15 22:39:58.991 [main] INFO  o.h.jpa.internal.util.LogHelper
                - HHH000204: Processing PersistenceUnitInfo [name: default]   
2024-09-15 22:39:59.046 [main] INFO  org.hibernate.Version
                - HHH000412: Hibernate ORM core version 6.4.4.Final   
2024-09-15 22:39:59.046 [main] INFO  org.hibernate.Version
                - HHH000412: Hibernate ORM core version 6.4.4.Final   
2024-09-15 22:39:59.083 [main] INFO  o.h.c.i.RegionFactoryInitiator
                - HHH000026: Second-level cache disabled   
2024-09-15 22:39:59.083 [main] INFO  o.h.c.i.RegionFactoryInitiator
                - HHH000026: Second-level cache disabled   
2024-09-15 22:39:59.300 [main] INFO  o.s.o.j.p.SpringPersistenceUnitInfo
                - No LoadTimeWeaver setup: ignoring JPA class transformer   
2024-09-15 22:39:59.300 [main] INFO  o.s.o.j.p.SpringPersistenceUnitInfo
                - No LoadTimeWeaver setup: ignoring JPA class transformer   
2024-09-15 22:39:59.330 [main] INFO  com.zaxxer.hikari.HikariDataSource
                - HikariPool-1 - Starting...   
2024-09-15 22:39:59.330 [main] INFO  com.zaxxer.hikari.HikariDataSource
                - HikariPool-1 - Starting...   
2024-09-15 22:39:59.471 [main] INFO  com.zaxxer.hikari.pool.HikariPool
                - HikariPool-1 - Added connection com.mysql.cj.jdbc.ConnectionImpl@9a37591   
2024-09-15 22:39:59.471 [main] INFO  com.zaxxer.hikari.pool.HikariPool
                - HikariPool-1 - Added connection com.mysql.cj.jdbc.ConnectionImpl@9a37591   
2024-09-15 22:39:59.473 [main] INFO  com.zaxxer.hikari.HikariDataSource
                - HikariPool-1 - Start completed.   
2024-09-15 22:39:59.473 [main] INFO  com.zaxxer.hikari.HikariDataSource
                - HikariPool-1 - Start completed.   
2024-09-15 22:39:59.513 [main] WARN  org.hibernate.orm.deprecation
                - HHH90000025: MySQLDialect does not need to be specified explicitly using 'hibernate.dialect' (remove the property setting and it will be selected by default)   
2024-09-15 22:39:59.513 [main] WARN  org.hibernate.orm.deprecation
                - HHH90000025: MySQLDialect does not need to be specified explicitly using 'hibernate.dialect' (remove the property setting and it will be selected by default)   
2024-09-15 22:40:00.261 [main] INFO  o.h.e.t.j.p.i.JtaPlatformInitiator
                - HHH000489: No JTA platform available (set 'hibernate.transaction.jta.platform' to enable JTA platform integration)   
2024-09-15 22:40:00.261 [main] INFO  o.h.e.t.j.p.i.JtaPlatformInitiator
                - HHH000489: No JTA platform available (set 'hibernate.transaction.jta.platform' to enable JTA platform integration)   
2024-09-15 22:40:00.298 [main] INFO  o.s.o.j.LocalContainerEntityManagerFactoryBean
                - Initialized JPA EntityManagerFactory for persistence unit 'default'   
2024-09-15 22:40:00.298 [main] INFO  o.s.o.j.LocalContainerEntityManagerFactoryBean
                - Initialized JPA EntityManagerFactory for persistence unit 'default'   
2024-09-15 22:40:00.796 [main] INFO  org.redisson.Version
                - Redisson 3.20.0   
2024-09-15 22:40:00.796 [main] INFO  org.redisson.Version
                - Redisson 3.20.0   
2024-09-15 22:40:01.147 [redisson-netty-2-5] INFO  o.r.c.p.MasterPubSubConnectionPool
                - 1 connections initialized for 127.0.0.1/127.0.0.1:6379   
2024-09-15 22:40:01.147 [redisson-netty-2-5] INFO  o.r.c.p.MasterPubSubConnectionPool
                - 1 connections initialized for 127.0.0.1/127.0.0.1:6379   
2024-09-15 22:40:01.242 [redisson-netty-2-19] INFO  o.r.c.pool.MasterConnectionPool
                - 24 connections initialized for 127.0.0.1/127.0.0.1:6379   
2024-09-15 22:40:01.242 [redisson-netty-2-19] INFO  o.r.c.pool.MasterConnectionPool
                - 24 connections initialized for 127.0.0.1/127.0.0.1:6379   
2024-09-15 22:40:01.923 [main] WARN  o.s.b.a.o.j.JpaBaseConfiguration$JpaWebConfiguration
                - spring.jpa.open-in-view is enabled by default. Therefore, database queries may be performed during view rendering. Explicitly configure spring.jpa.open-in-view to disable this warning   
2024-09-15 22:40:01.923 [main] WARN  o.s.b.a.o.j.JpaBaseConfiguration$JpaWebConfiguration
                - spring.jpa.open-in-view is enabled by default. Therefore, database queries may be performed during view rendering. Explicitly configure spring.jpa.open-in-view to disable this warning   
2024-09-15 22:40:02.392 [main] INFO  o.s.b.a.e.web.EndpointLinksResolver
                - Exposing 1 endpoint(s) beneath base path '/actuator'   
2024-09-15 22:40:02.392 [main] INFO  o.s.b.a.e.web.EndpointLinksResolver
                - Exposing 1 endpoint(s) beneath base path '/actuator'   
2024-09-15 22:40:02.458 [main] INFO  o.a.coyote.http11.Http11NioProtocol
                - Starting ProtocolHandler ["https-jsse-nio-8443"]   
2024-09-15 22:40:02.458 [main] INFO  o.a.coyote.http11.Http11NioProtocol
                - Starting ProtocolHandler ["https-jsse-nio-8443"]   
2024-09-15 22:40:02.653 [main] INFO  o.a.t.u.net.NioEndpoint.certificate
                - Connector [https-jsse-nio-8443], TLS virtual host [_default_], certificate type [UNDEFINED] configured from keystore [C:\Users\Administrator\.keystore] using alias [myalias] with trust store [null]   
2024-09-15 22:40:02.653 [main] INFO  o.a.t.u.net.NioEndpoint.certificate
                - Connector [https-jsse-nio-8443], TLS virtual host [_default_], certificate type [UNDEFINED] configured from keystore [C:\Users\Administrator\.keystore] using alias [myalias] with trust store [null]   
2024-09-15 22:40:02.674 [main] INFO  o.s.b.w.e.tomcat.TomcatWebServer
                - Tomcat started on port 8443 (https) with context path ''   
2024-09-15 22:40:02.674 [main] INFO  o.s.b.w.e.tomcat.TomcatWebServer
                - Tomcat started on port 8443 (https) with context path ''   
2024-09-15 22:40:02.690 [main] INFO  org.payment.api.ApiApplication
                - Started ApiApplication in 6.845 seconds (process running for 7.287)   
2024-09-15 22:40:02.690 [main] INFO  org.payment.api.ApiApplication
                - Started ApiApplication in 6.845 seconds (process running for 7.287)   
2024-09-15 22:40:40.167 [https-jsse-nio-8443-exec-10] INFO  o.a.c.c.C.[Tomcat].[localhost].[/]
                - Initializing Spring DispatcherServlet 'dispatcherServlet'   
2024-09-15 22:40:40.167 [https-jsse-nio-8443-exec-10] INFO  o.a.c.c.C.[Tomcat].[localhost].[/]
                - Initializing Spring DispatcherServlet 'dispatcherServlet'   
2024-09-15 22:40:40.168 [https-jsse-nio-8443-exec-10] INFO  o.s.web.servlet.DispatcherServlet
                - Initializing Servlet 'dispatcherServlet'   
2024-09-15 22:40:40.168 [https-jsse-nio-8443-exec-10] INFO  o.s.web.servlet.DispatcherServlet
                - Initializing Servlet 'dispatcherServlet'   
2024-09-15 22:40:40.169 [https-jsse-nio-8443-exec-10] INFO  o.s.web.servlet.DispatcherServlet
                - Completed initialization in 1 ms   
2024-09-15 22:40:40.169 [https-jsse-nio-8443-exec-10] INFO  o.s.web.servlet.DispatcherServlet
                - Completed initialization in 1 ms   
2024-09-15 22:40:40.199 [https-jsse-nio-8443-exec-10] WARN  o.s.w.s.m.s.DefaultHandlerExceptionResolver
                - Resolved [org.springframework.web.HttpRequestMethodNotSupportedException: Request method 'GET' is not supported] TX-a8a01530-0812-453c-a26f-43a33f7b9b22 0:0:0:0:0:0:0:1 /account/v1/register
2024-09-15 22:40:40.199 [https-jsse-nio-8443-exec-10] WARN  o.s.w.s.m.s.DefaultHandlerExceptionResolver
                - Resolved [org.springframework.web.HttpRequestMethodNotSupportedException: Request method 'GET' is not supported] TX-a8a01530-0812-453c-a26f-43a33f7b9b22 0:0:0:0:0:0:0:1 /account/v1/register
2024-09-15 22:40:40.200 [https-jsse-nio-8443-exec-10] INFO  o.p.a.config.web.filter.LoggerFilter
                - >>>>> uri : /account/v1/register, method : GET, header : [host : localhost:8443] [connection : keep-alive] [cache-control : max-age=0] [sec-ch-ua : "Chromium";v="128", "Not;A=Brand";v="24", "Google Chrome";v="128"] [sec-ch-ua-mobile : ?0] [sec-ch-ua-platform : "Windows"] [upgrade-insecure-requests : 1] [user-agent : Mozilla/5.0 (Windows NT 10.0; Win64; x64) AppleWebKit/537.36 (KHTML, like Gecko) Chrome/128.0.0.0 Safari/537.36] [accept : text/html,application/xhtml+xml,application/xml;q=0.9,image/avif,image/webp,image/apng,*/*;q=0.8,application/signed-exchange;v=b3;q=0.7] [sec-fetch-site : cross-site] [sec-fetch-mode : navigate] [sec-fetch-user : ?1] [sec-fetch-dest : document] [accept-encoding : gzip, deflate, br, zstd] [accept-language : ko-KR,ko;q=0.9,en-US;q=0.8,en;q=0.7] , body :    
2024-09-15 22:40:40.200 [https-jsse-nio-8443-exec-10] INFO  o.p.a.config.web.filter.LoggerFilter
                - >>>>> uri : /account/v1/register, method : GET, header : [host : localhost:8443] [connection : keep-alive] [cache-control : max-age=0] [sec-ch-ua : "Chromium";v="128", "Not;A=Brand";v="24", "Google Chrome";v="128"] [sec-ch-ua-mobile : ?0] [sec-ch-ua-platform : "Windows"] [upgrade-insecure-requests : 1] [user-agent : Mozilla/5.0 (Windows NT 10.0; Win64; x64) AppleWebKit/537.36 (KHTML, like Gecko) Chrome/128.0.0.0 Safari/537.36] [accept : text/html,application/xhtml+xml,application/xml;q=0.9,image/avif,image/webp,image/apng,*/*;q=0.8,application/signed-exchange;v=b3;q=0.7] [sec-fetch-site : cross-site] [sec-fetch-mode : navigate] [sec-fetch-user : ?1] [sec-fetch-dest : document] [accept-encoding : gzip, deflate, br, zstd] [accept-language : ko-KR,ko;q=0.9,en-US;q=0.8,en;q=0.7] , body :    
2024-09-15 22:40:40.201 [https-jsse-nio-8443-exec-10] INFO  o.p.a.config.web.filter.LoggerFilter
                - <<<<< uri : /account/v1/register, method : GET, header : [Allow : POST] , body :    
2024-09-15 22:40:40.201 [https-jsse-nio-8443-exec-10] INFO  o.p.a.config.web.filter.LoggerFilter
                - <<<<< uri : /account/v1/register, method : GET, header : [Allow : POST] , body :    
2024-09-15 22:40:40.903 [https-jsse-nio-8443-exec-1] INFO  o.p.a.config.web.filter.LoggerFilter
                - >>>>> uri : /favicon.ico, method : GET, header : [host : localhost:8443] [connection : keep-alive] [sec-ch-ua : "Chromium";v="128", "Not;A=Brand";v="24", "Google Chrome";v="128"] [sec-ch-ua-mobile : ?0] [user-agent : Mozilla/5.0 (Windows NT 10.0; Win64; x64) AppleWebKit/537.36 (KHTML, like Gecko) Chrome/128.0.0.0 Safari/537.36] [sec-ch-ua-platform : "Windows"] [accept : image/avif,image/webp,image/apng,image/svg+xml,image/*,*/*;q=0.8] [sec-fetch-site : same-origin] [sec-fetch-mode : no-cors] [sec-fetch-dest : image] [referer : https://localhost:8443/account/v1/register] [accept-encoding : gzip, deflate, br, zstd] [accept-language : ko-KR,ko;q=0.9,en-US;q=0.8,en;q=0.7] [authorization-token : eyJhbGciOiJIUzI1NiJ9.eyJ1c2VySWQiOiIyNzkwNDM0OS03YjdkLTdmODUtNDE3NC1lMzhhMjc5MDQzNDkiLCJleHAiOjE3MTQ2NjE0MTF9.MGnmXnrfTsFpc0udbSrREmagJrfOrDELdWjff5pMlIk] , body :    
2024-09-15 22:40:40.903 [https-jsse-nio-8443-exec-1] INFO  o.p.a.config.web.filter.LoggerFilter
                - >>>>> uri : /favicon.ico, method : GET, header : [host : localhost:8443] [connection : keep-alive] [sec-ch-ua : "Chromium";v="128", "Not;A=Brand";v="24", "Google Chrome";v="128"] [sec-ch-ua-mobile : ?0] [user-agent : Mozilla/5.0 (Windows NT 10.0; Win64; x64) AppleWebKit/537.36 (KHTML, like Gecko) Chrome/128.0.0.0 Safari/537.36] [sec-ch-ua-platform : "Windows"] [accept : image/avif,image/webp,image/apng,image/svg+xml,image/*,*/*;q=0.8] [sec-fetch-site : same-origin] [sec-fetch-mode : no-cors] [sec-fetch-dest : image] [referer : https://localhost:8443/account/v1/register] [accept-encoding : gzip, deflate, br, zstd] [accept-language : ko-KR,ko;q=0.9,en-US;q=0.8,en;q=0.7] [authorization-token : eyJhbGciOiJIUzI1NiJ9.eyJ1c2VySWQiOiIyNzkwNDM0OS03YjdkLTdmODUtNDE3NC1lMzhhMjc5MDQzNDkiLCJleHAiOjE3MTQ2NjE0MTF9.MGnmXnrfTsFpc0udbSrREmagJrfOrDELdWjff5pMlIk] , body :    
2024-09-15 22:40:40.904 [https-jsse-nio-8443-exec-1] INFO  o.p.a.config.web.filter.LoggerFilter
                - <<<<< uri : /favicon.ico, method : GET, header : [Vary : Origin] [Vary : Origin] [Vary : Origin] , body :    
2024-09-15 22:40:40.904 [https-jsse-nio-8443-exec-1] INFO  o.p.a.config.web.filter.LoggerFilter
                - <<<<< uri : /favicon.ico, method : GET, header : [Vary : Origin] [Vary : Origin] [Vary : Origin] , body :    
2024-09-15 22:40:46.419 [https-jsse-nio-8443-exec-10] INFO  o.p.a.config.web.filter.LoggerFilter
                - >>>>> uri : /account/v1/register, method : POST, header : [host : localhost:8443] [connection : keep-alive] [content-length : 82] [___internal-request-id : 0f74ce25-7aae-455b-b05e-9713acef8158] [sec-ch-ua : "Chromium";v="128", "Not;A=Brand";v="24", "Google Chrome";v="128"] [sec-ch-ua-platform : "Windows"] [sec-ch-ua-mobile : ?0] [content-type : application/json] [accept : */*] [sec-fetch-site : none] [sec-fetch-mode : cors] [sec-fetch-dest : empty] [accept-encoding : gzip, deflate, br, zstd] [accept-language : ko-KR,ko;q=0.9,en-US;q=0.8,en;q=0.7] , body : {
    "email": "kps990515@gmail.com",
    "password": "test",
    "name": "test"
}   
2024-09-15 22:40:46.419 [https-jsse-nio-8443-exec-10] INFO  o.p.a.config.web.filter.LoggerFilter
                - >>>>> uri : /account/v1/register, method : POST, header : [host : localhost:8443] [connection : keep-alive] [content-length : 82] [___internal-request-id : 0f74ce25-7aae-455b-b05e-9713acef8158] [sec-ch-ua : "Chromium";v="128", "Not;A=Brand";v="24", "Google Chrome";v="128"] [sec-ch-ua-platform : "Windows"] [sec-ch-ua-mobile : ?0] [content-type : application/json] [accept : */*] [sec-fetch-site : none] [sec-fetch-mode : cors] [sec-fetch-dest : empty] [accept-encoding : gzip, deflate, br, zstd] [accept-language : ko-KR,ko;q=0.9,en-US;q=0.8,en;q=0.7] , body : {
    "email": "kps990515@gmail.com",
    "password": "test",
    "name": "test"
}   
2024-09-15 22:40:46.419 [https-jsse-nio-8443-exec-10] INFO  o.p.a.config.web.filter.LoggerFilter
                - <<<<< uri : /account/v1/register, method : POST, header : [Content-Length : 34] , body : ???? : kps990515@gmail.com   
2024-09-15 22:40:46.419 [https-jsse-nio-8443-exec-10] INFO  o.p.a.config.web.filter.LoggerFilter
                - <<<<< uri : /account/v1/register, method : POST, header : [Content-Length : 34] , body : ???? : kps990515@gmail.com   
2024-09-15 22:41:13.276 [https-jsse-nio-8443-exec-1] INFO  o.p.a.config.web.filter.LoggerFilter
                - >>>>> uri : /account/v1/login, method : POST, header : [host : localhost:8443] [connection : keep-alive] [content-length : 62] [___internal-request-id : 4f07c754-0ed3-4b18-ba43-28a1de37e740] [sec-ch-ua : "Chromium";v="128", "Not;A=Brand";v="24", "Google Chrome";v="128"] [sec-ch-ua-platform : "Windows"] [sec-ch-ua-mobile : ?0] [content-type : application/json] [accept : */*] [sec-fetch-site : none] [sec-fetch-mode : cors] [sec-fetch-dest : empty] [accept-encoding : gzip, deflate, br, zstd] [accept-language : ko-KR,ko;q=0.9,en-US;q=0.8,en;q=0.7] , body : {
    "email": "kps990515@gmail.com",
    "password": "test"
}   
2024-09-15 22:41:13.276 [https-jsse-nio-8443-exec-1] INFO  o.p.a.config.web.filter.LoggerFilter
                - >>>>> uri : /account/v1/login, method : POST, header : [host : localhost:8443] [connection : keep-alive] [content-length : 62] [___internal-request-id : 4f07c754-0ed3-4b18-ba43-28a1de37e740] [sec-ch-ua : "Chromium";v="128", "Not;A=Brand";v="24", "Google Chrome";v="128"] [sec-ch-ua-platform : "Windows"] [sec-ch-ua-mobile : ?0] [content-type : application/json] [accept : */*] [sec-fetch-site : none] [sec-fetch-mode : cors] [sec-fetch-dest : empty] [accept-encoding : gzip, deflate, br, zstd] [accept-language : ko-KR,ko;q=0.9,en-US;q=0.8,en;q=0.7] , body : {
    "email": "kps990515@gmail.com",
    "password": "test"
}   
2024-09-15 22:41:13.277 [https-jsse-nio-8443-exec-1] INFO  o.p.a.config.web.filter.LoggerFilter
                - <<<<< uri : /account/v1/login, method : POST, header : [Content-Length : 16] , body : ? ??   
2024-09-15 22:41:13.277 [https-jsse-nio-8443-exec-1] INFO  o.p.a.config.web.filter.LoggerFilter
                - <<<<< uri : /account/v1/login, method : POST, header : [Content-Length : 16] , body : ? ??   
