2024-08-29 23:39:15.910 [background-preinit] INFO  o.h.validator.internal.util.Version
                - HV000001: Hibernate Validator 8.0.1.Final   
2024-08-29 23:39:15.996 [main] INFO  org.payment.api.ApiApplication
                - Starting ApiApplication using Java 17.0.10 with PID 2564 (D:\sideProject\fintech-service\api\build\classes\java\main started by Administrator in D:\sideProject\fintech-service)   
2024-08-29 23:39:15.997 [main] DEBUG org.payment.api.ApiApplication
                - Running with Spring Boot v3.2.4, Spring v6.1.5   
2024-08-29 23:39:15.997 [main] INFO  org.payment.api.ApiApplication
                - The following 1 profile is active: "local"   
2024-08-29 23:39:16.649 [main] INFO  o.s.d.r.c.RepositoryConfigurationDelegate
                - Multiple Spring Data modules found, entering strict repository configuration mode   
2024-08-29 23:39:16.649 [main] INFO  o.s.d.r.c.RepositoryConfigurationDelegate
                - Bootstrapping Spring Data JPA repositories in DEFAULT mode.   
2024-08-29 23:39:16.819 [main] INFO  o.s.d.r.c.RepositoryConfigurationDelegate
                - Finished Spring Data repository scanning in 161 ms. Found 1 JPA repository interface.   
2024-08-29 23:39:16.856 [main] INFO  o.s.d.r.c.RepositoryConfigurationDelegate
                - Multiple Spring Data modules found, entering strict repository configuration mode   
2024-08-29 23:39:16.856 [main] INFO  o.s.d.r.c.RepositoryConfigurationDelegate
                - Bootstrapping Spring Data Redis repositories in DEFAULT mode.   
2024-08-29 23:39:16.871 [main] INFO  o.s.d.r.c.RepositoryConfigurationExtensionSupport
                - Spring Data Redis - Could not safely identify store assignment for repository candidate interface org.payment.db.user.UserRdbRepository; If you want this repository to be a Redis repository, consider annotating your entities with one of these annotations: org.springframework.data.redis.core.RedisHash (preferred), or consider extending one of the following types with your repository: org.springframework.data.keyvalue.repository.KeyValueRepository   
2024-08-29 23:39:16.871 [main] INFO  o.s.d.r.c.RepositoryConfigurationDelegate
                - Finished Spring Data repository scanning in 4 ms. Found 0 Redis repository interfaces.   
2024-08-29 23:39:17.048 [main] INFO  o.s.d.r.c.RepositoryConfigurationDelegate
                - Multiple Spring Data modules found, entering strict repository configuration mode   
2024-08-29 23:39:17.048 [main] INFO  o.s.d.r.c.RepositoryConfigurationDelegate
                - Bootstrapping Spring Data Redis repositories in DEFAULT mode.   
2024-08-29 23:39:17.053 [main] INFO  o.s.d.r.c.RepositoryConfigurationDelegate
                - Finished Spring Data repository scanning in 5 ms. Found 0 Redis repository interfaces.   
2024-08-29 23:39:17.985 [main] INFO  o.s.b.w.e.tomcat.TomcatWebServer
                - Tomcat initialized with port 8443 (https)   
2024-08-29 23:39:17.998 [main] INFO  o.a.coyote.http11.Http11NioProtocol
                - Initializing ProtocolHandler ["https-jsse-nio-8443"]   
2024-08-29 23:39:18.003 [main] INFO  o.a.catalina.core.StandardService
                - Starting service [Tomcat]   
2024-08-29 23:39:18.003 [main] INFO  o.a.catalina.core.StandardEngine
                - Starting Servlet engine: [Apache Tomcat/10.1.19]   
2024-08-29 23:39:18.107 [main] INFO  o.a.c.c.C.[Tomcat].[localhost].[/]
                - Initializing Spring embedded WebApplicationContext   
2024-08-29 23:39:18.110 [main] INFO  o.s.b.w.s.c.ServletWebServerApplicationContext
                - Root WebApplicationContext: initialization completed in 2040 ms   
2024-08-29 23:39:18.334 [main] INFO  o.h.jpa.internal.util.LogHelper
                - HHH000204: Processing PersistenceUnitInfo [name: default]   
2024-08-29 23:39:18.427 [main] INFO  org.hibernate.Version
                - HHH000412: Hibernate ORM core version 6.4.4.Final   
2024-08-29 23:39:18.481 [main] INFO  o.h.c.i.RegionFactoryInitiator
                - HHH000026: Second-level cache disabled   
2024-08-29 23:39:18.771 [main] INFO  o.s.o.j.p.SpringPersistenceUnitInfo
                - No LoadTimeWeaver setup: ignoring JPA class transformer   
2024-08-29 23:39:18.798 [main] INFO  com.zaxxer.hikari.HikariDataSource
                - HikariPool-1 - Starting...   
2024-08-29 23:39:19.933 [main] ERROR com.zaxxer.hikari.pool.HikariPool
                - HikariPool-1 - Exception during pool initialization.   
com.mysql.cj.jdbc.exceptions.CommunicationsException: Communications link failure

The last packet sent successfully to the server was 0 milliseconds ago. The driver has not received any packets from the server.
	at com.mysql.cj.jdbc.exceptions.SQLError.createCommunicationsException(SQLError.java:174)
	at com.mysql.cj.jdbc.exceptions.SQLExceptionsMapping.translateException(SQLExceptionsMapping.java:64)
	at com.mysql.cj.jdbc.ConnectionImpl.createNewIO(ConnectionImpl.java:815)
	at com.mysql.cj.jdbc.ConnectionImpl.<init>(ConnectionImpl.java:438)
	at com.mysql.cj.jdbc.ConnectionImpl.getInstance(ConnectionImpl.java:241)
	at com.mysql.cj.jdbc.NonRegisteringDriver.connect(NonRegisteringDriver.java:189)
	at com.zaxxer.hikari.util.DriverDataSource.getConnection(DriverDataSource.java:138)
	at com.zaxxer.hikari.pool.PoolBase.newConnection(PoolBase.java:359)
	at com.zaxxer.hikari.pool.PoolBase.newPoolEntry(PoolBase.java:201)
	at com.zaxxer.hikari.pool.HikariPool.createPoolEntry(HikariPool.java:470)
	at com.zaxxer.hikari.pool.HikariPool.checkFailFast(HikariPool.java:561)
	at com.zaxxer.hikari.pool.HikariPool.<init>(HikariPool.java:100)
	at com.zaxxer.hikari.HikariDataSource.getConnection(HikariDataSource.java:112)
	at org.hibernate.engine.jdbc.connections.internal.DatasourceConnectionProviderImpl.getConnection(DatasourceConnectionProviderImpl.java:122)
	at org.hibernate.engine.jdbc.env.internal.JdbcEnvironmentInitiator$ConnectionProviderJdbcConnectionAccess.obtainConnection(JdbcEnvironmentInitiator.java:428)
	at org.hibernate.resource.transaction.backend.jdbc.internal.JdbcIsolationDelegate.delegateWork(JdbcIsolationDelegate.java:61)
	at org.hibernate.engine.jdbc.env.internal.JdbcEnvironmentInitiator.getJdbcEnvironmentUsingJdbcMetadata(JdbcEnvironmentInitiator.java:276)
	at org.hibernate.engine.jdbc.env.internal.JdbcEnvironmentInitiator.initiateService(JdbcEnvironmentInitiator.java:107)
	at org.hibernate.engine.jdbc.env.internal.JdbcEnvironmentInitiator.initiateService(JdbcEnvironmentInitiator.java:68)
	at org.hibernate.boot.registry.internal.StandardServiceRegistryImpl.initiateService(StandardServiceRegistryImpl.java:130)
	at org.hibernate.service.internal.AbstractServiceRegistryImpl.createService(AbstractServiceRegistryImpl.java:263)
	at org.hibernate.service.internal.AbstractServiceRegistryImpl.initializeService(AbstractServiceRegistryImpl.java:238)
	at org.hibernate.service.internal.AbstractServiceRegistryImpl.getService(AbstractServiceRegistryImpl.java:215)
	at org.hibernate.boot.model.relational.Database.<init>(Database.java:45)
	at org.hibernate.boot.internal.InFlightMetadataCollectorImpl.getDatabase(InFlightMetadataCollectorImpl.java:223)
	at org.hibernate.boot.internal.InFlightMetadataCollectorImpl.<init>(InFlightMetadataCollectorImpl.java:191)
	at org.hibernate.boot.model.process.spi.MetadataBuildingProcess.complete(MetadataBuildingProcess.java:170)
	at org.hibernate.jpa.boot.internal.EntityManagerFactoryBuilderImpl.metadata(EntityManagerFactoryBuilderImpl.java:1432)
	at org.hibernate.jpa.boot.internal.EntityManagerFactoryBuilderImpl.build(EntityManagerFactoryBuilderImpl.java:1503)
	at org.springframework.orm.jpa.vendor.SpringHibernateJpaPersistenceProvider.createContainerEntityManagerFactory(SpringHibernateJpaPersistenceProvider.java:75)
	at org.springframework.orm.jpa.LocalContainerEntityManagerFactoryBean.createNativeEntityManagerFactory(LocalContainerEntityManagerFactoryBean.java:390)
	at org.springframework.orm.jpa.AbstractEntityManagerFactoryBean.buildNativeEntityManagerFactory(AbstractEntityManagerFactoryBean.java:409)
	at org.springframework.orm.jpa.AbstractEntityManagerFactoryBean.afterPropertiesSet(AbstractEntityManagerFactoryBean.java:396)
	at org.springframework.orm.jpa.LocalContainerEntityManagerFactoryBean.afterPropertiesSet(LocalContainerEntityManagerFactoryBean.java:366)
	at org.springframework.beans.factory.support.AbstractAutowireCapableBeanFactory.invokeInitMethods(AbstractAutowireCapableBeanFactory.java:1833)
	at org.springframework.beans.factory.support.AbstractAutowireCapableBeanFactory.initializeBean(AbstractAutowireCapableBeanFactory.java:1782)
	at org.springframework.beans.factory.support.AbstractAutowireCapableBeanFactory.doCreateBean(AbstractAutowireCapableBeanFactory.java:600)
	at org.springframework.beans.factory.support.AbstractAutowireCapableBeanFactory.createBean(AbstractAutowireCapableBeanFactory.java:522)
	at org.springframework.beans.factory.support.AbstractBeanFactory.lambda$doGetBean$0(AbstractBeanFactory.java:326)
	at org.springframework.beans.factory.support.DefaultSingletonBeanRegistry.getSingleton(DefaultSingletonBeanRegistry.java:234)
	at org.springframework.beans.factory.support.AbstractBeanFactory.doGetBean(AbstractBeanFactory.java:324)
	at org.springframework.beans.factory.support.AbstractBeanFactory.getBean(AbstractBeanFactory.java:200)
	at org.springframework.context.support.AbstractApplicationContext.getBean(AbstractApplicationContext.java:1234)
	at org.springframework.context.support.AbstractApplicationContext.finishBeanFactoryInitialization(AbstractApplicationContext.java:952)
	at org.springframework.context.support.AbstractApplicationContext.refresh(AbstractApplicationContext.java:624)
	at org.springframework.boot.web.servlet.context.ServletWebServerApplicationContext.refresh(ServletWebServerApplicationContext.java:146)
	at org.springframework.boot.SpringApplication.refresh(SpringApplication.java:754)
	at org.springframework.boot.SpringApplication.refreshContext(SpringApplication.java:456)
	at org.springframework.boot.SpringApplication.run(SpringApplication.java:334)
	at org.springframework.boot.SpringApplication.run(SpringApplication.java:1354)
	at org.springframework.boot.SpringApplication.run(SpringApplication.java:1343)
	at org.payment.api.ApiApplication.main(ApiApplication.java:13)
Caused by: com.mysql.cj.exceptions.CJCommunicationsException: Communications link failure

The last packet sent successfully to the server was 0 milliseconds ago. The driver has not received any packets from the server.
	at java.base/jdk.internal.reflect.NativeConstructorAccessorImpl.newInstance0(Native Method)
	at java.base/jdk.internal.reflect.NativeConstructorAccessorImpl.newInstance(NativeConstructorAccessorImpl.java:77)
	at java.base/jdk.internal.reflect.DelegatingConstructorAccessorImpl.newInstance(DelegatingConstructorAccessorImpl.java:45)
	at java.base/java.lang.reflect.Constructor.newInstanceWithCaller(Constructor.java:499)
	at java.base/java.lang.reflect.Constructor.newInstance(Constructor.java:480)
	at com.mysql.cj.exceptions.ExceptionFactory.createException(ExceptionFactory.java:61)
	at com.mysql.cj.exceptions.ExceptionFactory.createException(ExceptionFactory.java:104)
	at com.mysql.cj.exceptions.ExceptionFactory.createException(ExceptionFactory.java:149)
	at com.mysql.cj.exceptions.ExceptionFactory.createCommunicationsException(ExceptionFactory.java:165)
	at com.mysql.cj.protocol.a.NativeProtocol.readMessage(NativeProtocol.java:582)
	at com.mysql.cj.protocol.a.NativeProtocol.readServerCapabilities(NativeProtocol.java:537)
	at com.mysql.cj.protocol.a.NativeProtocol.beforeHandshake(NativeProtocol.java:425)
	at com.mysql.cj.protocol.a.NativeProtocol.connect(NativeProtocol.java:1426)
	at com.mysql.cj.NativeSession.connect(NativeSession.java:133)
	at com.mysql.cj.jdbc.ConnectionImpl.connectOneTryOnly(ConnectionImpl.java:935)
	at com.mysql.cj.jdbc.ConnectionImpl.createNewIO(ConnectionImpl.java:805)
	... 49 common frames omitted
Caused by: java.io.EOFException: Can not read response from server. Expected to read 4 bytes, read 0 bytes before connection was unexpectedly lost.
	at com.mysql.cj.protocol.FullReadInputStream.readFully(FullReadInputStream.java:67)
	at com.mysql.cj.protocol.a.SimplePacketReader.readHeaderLocal(SimplePacketReader.java:81)
	at com.mysql.cj.protocol.a.SimplePacketReader.readHeader(SimplePacketReader.java:63)
	at com.mysql.cj.protocol.a.SimplePacketReader.readHeader(SimplePacketReader.java:45)
	at com.mysql.cj.protocol.a.NativeProtocol.readMessage(NativeProtocol.java:576)
	... 55 common frames omitted
2024-08-29 23:39:19.935 [main] WARN  o.h.e.j.e.i.JdbcEnvironmentInitiator
                - HHH000342: Could not obtain connection to query metadata   
java.lang.NullPointerException: Cannot invoke "org.hibernate.engine.jdbc.spi.SqlExceptionHelper.convert(java.sql.SQLException, String)" because the return value of "org.hibernate.resource.transaction.backend.jdbc.internal.JdbcIsolationDelegate.sqlExceptionHelper()" is null
	at org.hibernate.resource.transaction.backend.jdbc.internal.JdbcIsolationDelegate.delegateWork(JdbcIsolationDelegate.java:116)
	at org.hibernate.engine.jdbc.env.internal.JdbcEnvironmentInitiator.getJdbcEnvironmentUsingJdbcMetadata(JdbcEnvironmentInitiator.java:276)
	at org.hibernate.engine.jdbc.env.internal.JdbcEnvironmentInitiator.initiateService(JdbcEnvironmentInitiator.java:107)
	at org.hibernate.engine.jdbc.env.internal.JdbcEnvironmentInitiator.initiateService(JdbcEnvironmentInitiator.java:68)
	at org.hibernate.boot.registry.internal.StandardServiceRegistryImpl.initiateService(StandardServiceRegistryImpl.java:130)
	at org.hibernate.service.internal.AbstractServiceRegistryImpl.createService(AbstractServiceRegistryImpl.java:263)
	at org.hibernate.service.internal.AbstractServiceRegistryImpl.initializeService(AbstractServiceRegistryImpl.java:238)
	at org.hibernate.service.internal.AbstractServiceRegistryImpl.getService(AbstractServiceRegistryImpl.java:215)
	at org.hibernate.boot.model.relational.Database.<init>(Database.java:45)
	at org.hibernate.boot.internal.InFlightMetadataCollectorImpl.getDatabase(InFlightMetadataCollectorImpl.java:223)
	at org.hibernate.boot.internal.InFlightMetadataCollectorImpl.<init>(InFlightMetadataCollectorImpl.java:191)
	at org.hibernate.boot.model.process.spi.MetadataBuildingProcess.complete(MetadataBuildingProcess.java:170)
	at org.hibernate.jpa.boot.internal.EntityManagerFactoryBuilderImpl.metadata(EntityManagerFactoryBuilderImpl.java:1432)
	at org.hibernate.jpa.boot.internal.EntityManagerFactoryBuilderImpl.build(EntityManagerFactoryBuilderImpl.java:1503)
	at org.springframework.orm.jpa.vendor.SpringHibernateJpaPersistenceProvider.createContainerEntityManagerFactory(SpringHibernateJpaPersistenceProvider.java:75)
	at org.springframework.orm.jpa.LocalContainerEntityManagerFactoryBean.createNativeEntityManagerFactory(LocalContainerEntityManagerFactoryBean.java:390)
	at org.springframework.orm.jpa.AbstractEntityManagerFactoryBean.buildNativeEntityManagerFactory(AbstractEntityManagerFactoryBean.java:409)
	at org.springframework.orm.jpa.AbstractEntityManagerFactoryBean.afterPropertiesSet(AbstractEntityManagerFactoryBean.java:396)
	at org.springframework.orm.jpa.LocalContainerEntityManagerFactoryBean.afterPropertiesSet(LocalContainerEntityManagerFactoryBean.java:366)
	at org.springframework.beans.factory.support.AbstractAutowireCapableBeanFactory.invokeInitMethods(AbstractAutowireCapableBeanFactory.java:1833)
	at org.springframework.beans.factory.support.AbstractAutowireCapableBeanFactory.initializeBean(AbstractAutowireCapableBeanFactory.java:1782)
	at org.springframework.beans.factory.support.AbstractAutowireCapableBeanFactory.doCreateBean(AbstractAutowireCapableBeanFactory.java:600)
	at org.springframework.beans.factory.support.AbstractAutowireCapableBeanFactory.createBean(AbstractAutowireCapableBeanFactory.java:522)
	at org.springframework.beans.factory.support.AbstractBeanFactory.lambda$doGetBean$0(AbstractBeanFactory.java:326)
	at org.springframework.beans.factory.support.DefaultSingletonBeanRegistry.getSingleton(DefaultSingletonBeanRegistry.java:234)
	at org.springframework.beans.factory.support.AbstractBeanFactory.doGetBean(AbstractBeanFactory.java:324)
	at org.springframework.beans.factory.support.AbstractBeanFactory.getBean(AbstractBeanFactory.java:200)
	at org.springframework.context.support.AbstractApplicationContext.getBean(AbstractApplicationContext.java:1234)
	at org.springframework.context.support.AbstractApplicationContext.finishBeanFactoryInitialization(AbstractApplicationContext.java:952)
	at org.springframework.context.support.AbstractApplicationContext.refresh(AbstractApplicationContext.java:624)
	at org.springframework.boot.web.servlet.context.ServletWebServerApplicationContext.refresh(ServletWebServerApplicationContext.java:146)
	at org.springframework.boot.SpringApplication.refresh(SpringApplication.java:754)
	at org.springframework.boot.SpringApplication.refreshContext(SpringApplication.java:456)
	at org.springframework.boot.SpringApplication.run(SpringApplication.java:334)
	at org.springframework.boot.SpringApplication.run(SpringApplication.java:1354)
	at org.springframework.boot.SpringApplication.run(SpringApplication.java:1343)
	at org.payment.api.ApiApplication.main(ApiApplication.java:13)
2024-08-29 23:39:19.935 [main] ERROR o.s.o.j.LocalContainerEntityManagerFactoryBean
                - Failed to initialize JPA EntityManagerFactory: Unable to create requested service [org.hibernate.engine.jdbc.env.spi.JdbcEnvironment] due to: Unable to determine Dialect without JDBC metadata (please set 'jakarta.persistence.jdbc.url' for common cases or 'hibernate.dialect' when a custom Dialect implementation must be provided)   
2024-08-29 23:39:19.935 [main] WARN  o.s.b.w.s.c.AnnotationConfigServletWebServerApplicationContext
                - Exception encountered during context initialization - cancelling refresh attempt: org.springframework.beans.factory.BeanCreationException: Error creating bean with name 'entityManagerFactory' defined in class path resource [org/springframework/boot/autoconfigure/orm/jpa/HibernateJpaConfiguration.class]: Unable to create requested service [org.hibernate.engine.jdbc.env.spi.JdbcEnvironment] due to: Unable to determine Dialect without JDBC metadata (please set 'jakarta.persistence.jdbc.url' for common cases or 'hibernate.dialect' when a custom Dialect implementation must be provided)   
2024-08-29 23:39:19.937 [main] INFO  o.a.catalina.core.StandardService
                - Stopping service [Tomcat]   
2024-08-29 23:39:19.946 [main] INFO  o.s.b.a.l.ConditionEvaluationReportLogger
                - 

Error starting ApplicationContext. To display the condition evaluation report re-run your application with 'debug' enabled.   
2024-08-29 23:39:19.959 [main] ERROR o.s.boot.SpringApplication
                - Application run failed   
org.springframework.beans.factory.BeanCreationException: Error creating bean with name 'entityManagerFactory' defined in class path resource [org/springframework/boot/autoconfigure/orm/jpa/HibernateJpaConfiguration.class]: Unable to create requested service [org.hibernate.engine.jdbc.env.spi.JdbcEnvironment] due to: Unable to determine Dialect without JDBC metadata (please set 'jakarta.persistence.jdbc.url' for common cases or 'hibernate.dialect' when a custom Dialect implementation must be provided)
	at org.springframework.beans.factory.support.AbstractAutowireCapableBeanFactory.initializeBean(AbstractAutowireCapableBeanFactory.java:1786)
	at org.springframework.beans.factory.support.AbstractAutowireCapableBeanFactory.doCreateBean(AbstractAutowireCapableBeanFactory.java:600)
	at org.springframework.beans.factory.support.AbstractAutowireCapableBeanFactory.createBean(AbstractAutowireCapableBeanFactory.java:522)
	at org.springframework.beans.factory.support.AbstractBeanFactory.lambda$doGetBean$0(AbstractBeanFactory.java:326)
	at org.springframework.beans.factory.support.DefaultSingletonBeanRegistry.getSingleton(DefaultSingletonBeanRegistry.java:234)
	at org.springframework.beans.factory.support.AbstractBeanFactory.doGetBean(AbstractBeanFactory.java:324)
	at org.springframework.beans.factory.support.AbstractBeanFactory.getBean(AbstractBeanFactory.java:200)
	at org.springframework.context.support.AbstractApplicationContext.getBean(AbstractApplicationContext.java:1234)
	at org.springframework.context.support.AbstractApplicationContext.finishBeanFactoryInitialization(AbstractApplicationContext.java:952)
	at org.springframework.context.support.AbstractApplicationContext.refresh(AbstractApplicationContext.java:624)
	at org.springframework.boot.web.servlet.context.ServletWebServerApplicationContext.refresh(ServletWebServerApplicationContext.java:146)
	at org.springframework.boot.SpringApplication.refresh(SpringApplication.java:754)
	at org.springframework.boot.SpringApplication.refreshContext(SpringApplication.java:456)
	at org.springframework.boot.SpringApplication.run(SpringApplication.java:334)
	at org.springframework.boot.SpringApplication.run(SpringApplication.java:1354)
	at org.springframework.boot.SpringApplication.run(SpringApplication.java:1343)
	at org.payment.api.ApiApplication.main(ApiApplication.java:13)
Caused by: org.hibernate.service.spi.ServiceException: Unable to create requested service [org.hibernate.engine.jdbc.env.spi.JdbcEnvironment] due to: Unable to determine Dialect without JDBC metadata (please set 'jakarta.persistence.jdbc.url' for common cases or 'hibernate.dialect' when a custom Dialect implementation must be provided)
	at org.hibernate.service.internal.AbstractServiceRegistryImpl.createService(AbstractServiceRegistryImpl.java:276)
	at org.hibernate.service.internal.AbstractServiceRegistryImpl.initializeService(AbstractServiceRegistryImpl.java:238)
	at org.hibernate.service.internal.AbstractServiceRegistryImpl.getService(AbstractServiceRegistryImpl.java:215)
	at org.hibernate.boot.model.relational.Database.<init>(Database.java:45)
	at org.hibernate.boot.internal.InFlightMetadataCollectorImpl.getDatabase(InFlightMetadataCollectorImpl.java:223)
	at org.hibernate.boot.internal.InFlightMetadataCollectorImpl.<init>(InFlightMetadataCollectorImpl.java:191)
	at org.hibernate.boot.model.process.spi.MetadataBuildingProcess.complete(MetadataBuildingProcess.java:170)
	at org.hibernate.jpa.boot.internal.EntityManagerFactoryBuilderImpl.metadata(EntityManagerFactoryBuilderImpl.java:1432)
	at org.hibernate.jpa.boot.internal.EntityManagerFactoryBuilderImpl.build(EntityManagerFactoryBuilderImpl.java:1503)
	at org.springframework.orm.jpa.vendor.SpringHibernateJpaPersistenceProvider.createContainerEntityManagerFactory(SpringHibernateJpaPersistenceProvider.java:75)
	at org.springframework.orm.jpa.LocalContainerEntityManagerFactoryBean.createNativeEntityManagerFactory(LocalContainerEntityManagerFactoryBean.java:390)
	at org.springframework.orm.jpa.AbstractEntityManagerFactoryBean.buildNativeEntityManagerFactory(AbstractEntityManagerFactoryBean.java:409)
	at org.springframework.orm.jpa.AbstractEntityManagerFactoryBean.afterPropertiesSet(AbstractEntityManagerFactoryBean.java:396)
	at org.springframework.orm.jpa.LocalContainerEntityManagerFactoryBean.afterPropertiesSet(LocalContainerEntityManagerFactoryBean.java:366)
	at org.springframework.beans.factory.support.AbstractAutowireCapableBeanFactory.invokeInitMethods(AbstractAutowireCapableBeanFactory.java:1833)
	at org.springframework.beans.factory.support.AbstractAutowireCapableBeanFactory.initializeBean(AbstractAutowireCapableBeanFactory.java:1782)
	... 16 common frames omitted
Caused by: org.hibernate.HibernateException: Unable to determine Dialect without JDBC metadata (please set 'jakarta.persistence.jdbc.url' for common cases or 'hibernate.dialect' when a custom Dialect implementation must be provided)
	at org.hibernate.engine.jdbc.dialect.internal.DialectFactoryImpl.determineDialect(DialectFactoryImpl.java:191)
	at org.hibernate.engine.jdbc.dialect.internal.DialectFactoryImpl.buildDialect(DialectFactoryImpl.java:87)
	at org.hibernate.engine.jdbc.env.internal.JdbcEnvironmentInitiator.getJdbcEnvironmentWithDefaults(JdbcEnvironmentInitiator.java:143)
	at org.hibernate.engine.jdbc.env.internal.JdbcEnvironmentInitiator.getJdbcEnvironmentUsingJdbcMetadata(JdbcEnvironmentInitiator.java:348)
	at org.hibernate.engine.jdbc.env.internal.JdbcEnvironmentInitiator.initiateService(JdbcEnvironmentInitiator.java:107)
	at org.hibernate.engine.jdbc.env.internal.JdbcEnvironmentInitiator.initiateService(JdbcEnvironmentInitiator.java:68)
	at org.hibernate.boot.registry.internal.StandardServiceRegistryImpl.initiateService(StandardServiceRegistryImpl.java:130)
	at org.hibernate.service.internal.AbstractServiceRegistryImpl.createService(AbstractServiceRegistryImpl.java:263)
	... 31 common frames omitted
2024-08-29 23:39:26.567 [background-preinit] INFO  o.h.validator.internal.util.Version
                - HV000001: Hibernate Validator 8.0.1.Final   
2024-08-29 23:39:26.611 [main] INFO  org.payment.api.ApiApplication
                - Starting ApiApplication using Java 17.0.10 with PID 17468 (D:\sideProject\fintech-service\api\build\classes\java\main started by Administrator in D:\sideProject\fintech-service)   
2024-08-29 23:39:26.612 [main] DEBUG org.payment.api.ApiApplication
                - Running with Spring Boot v3.2.4, Spring v6.1.5   
2024-08-29 23:39:26.612 [main] INFO  org.payment.api.ApiApplication
                - The following 1 profile is active: "local"   
2024-08-29 23:39:27.069 [main] INFO  o.s.d.r.c.RepositoryConfigurationDelegate
                - Multiple Spring Data modules found, entering strict repository configuration mode   
2024-08-29 23:39:27.069 [main] INFO  o.s.d.r.c.RepositoryConfigurationDelegate
                - Bootstrapping Spring Data JPA repositories in DEFAULT mode.   
2024-08-29 23:39:27.184 [main] INFO  o.s.d.r.c.RepositoryConfigurationDelegate
                - Finished Spring Data repository scanning in 106 ms. Found 1 JPA repository interface.   
2024-08-29 23:39:27.226 [main] INFO  o.s.d.r.c.RepositoryConfigurationDelegate
                - Multiple Spring Data modules found, entering strict repository configuration mode   
2024-08-29 23:39:27.226 [main] INFO  o.s.d.r.c.RepositoryConfigurationDelegate
                - Bootstrapping Spring Data Redis repositories in DEFAULT mode.   
2024-08-29 23:39:27.240 [main] INFO  o.s.d.r.c.RepositoryConfigurationExtensionSupport
                - Spring Data Redis - Could not safely identify store assignment for repository candidate interface org.payment.db.user.UserRdbRepository; If you want this repository to be a Redis repository, consider annotating your entities with one of these annotations: org.springframework.data.redis.core.RedisHash (preferred), or consider extending one of the following types with your repository: org.springframework.data.keyvalue.repository.KeyValueRepository   
2024-08-29 23:39:27.240 [main] INFO  o.s.d.r.c.RepositoryConfigurationDelegate
                - Finished Spring Data repository scanning in 5 ms. Found 0 Redis repository interfaces.   
2024-08-29 23:39:27.392 [main] INFO  o.s.d.r.c.RepositoryConfigurationDelegate
                - Multiple Spring Data modules found, entering strict repository configuration mode   
2024-08-29 23:39:27.392 [main] INFO  o.s.d.r.c.RepositoryConfigurationDelegate
                - Bootstrapping Spring Data Redis repositories in DEFAULT mode.   
2024-08-29 23:39:27.398 [main] INFO  o.s.d.r.c.RepositoryConfigurationDelegate
                - Finished Spring Data repository scanning in 6 ms. Found 0 Redis repository interfaces.   
2024-08-29 23:39:28.118 [main] INFO  o.s.b.w.e.tomcat.TomcatWebServer
                - Tomcat initialized with port 8443 (https)   
2024-08-29 23:39:28.126 [main] INFO  o.a.coyote.http11.Http11NioProtocol
                - Initializing ProtocolHandler ["https-jsse-nio-8443"]   
2024-08-29 23:39:28.131 [main] INFO  o.a.catalina.core.StandardService
                - Starting service [Tomcat]   
2024-08-29 23:39:28.131 [main] INFO  o.a.catalina.core.StandardEngine
                - Starting Servlet engine: [Apache Tomcat/10.1.19]   
2024-08-29 23:39:28.202 [main] INFO  o.a.c.c.C.[Tomcat].[localhost].[/]
                - Initializing Spring embedded WebApplicationContext   
2024-08-29 23:39:28.203 [main] INFO  o.s.b.w.s.c.ServletWebServerApplicationContext
                - Root WebApplicationContext: initialization completed in 1541 ms   
2024-08-29 23:39:28.349 [main] INFO  o.h.jpa.internal.util.LogHelper
                - HHH000204: Processing PersistenceUnitInfo [name: default]   
2024-08-29 23:39:28.394 [main] INFO  org.hibernate.Version
                - HHH000412: Hibernate ORM core version 6.4.4.Final   
2024-08-29 23:39:28.425 [main] INFO  o.h.c.i.RegionFactoryInitiator
                - HHH000026: Second-level cache disabled   
2024-08-29 23:39:28.630 [main] INFO  o.s.o.j.p.SpringPersistenceUnitInfo
                - No LoadTimeWeaver setup: ignoring JPA class transformer   
2024-08-29 23:39:28.653 [main] INFO  com.zaxxer.hikari.HikariDataSource
                - HikariPool-1 - Starting...   
2024-08-29 23:39:28.825 [main] INFO  com.zaxxer.hikari.pool.HikariPool
                - HikariPool-1 - Added connection com.mysql.cj.jdbc.ConnectionImpl@6d7865d6   
2024-08-29 23:39:28.828 [main] INFO  com.zaxxer.hikari.HikariDataSource
                - HikariPool-1 - Start completed.   
2024-08-29 23:39:29.732 [main] INFO  o.h.e.t.j.p.i.JtaPlatformInitiator
                - HHH000489: No JTA platform available (set 'hibernate.transaction.jta.platform' to enable JTA platform integration)   
2024-08-29 23:39:29.777 [main] INFO  o.s.o.j.LocalContainerEntityManagerFactoryBean
                - Initialized JPA EntityManagerFactory for persistence unit 'default'   
2024-08-29 23:39:30.739 [main] WARN  o.s.b.a.o.j.JpaBaseConfiguration$JpaWebConfiguration
                - spring.jpa.open-in-view is enabled by default. Therefore, database queries may be performed during view rendering. Explicitly configure spring.jpa.open-in-view to disable this warning   
2024-08-29 23:39:31.011 [main] INFO  o.a.coyote.http11.Http11NioProtocol
                - Starting ProtocolHandler ["https-jsse-nio-8443"]   
2024-08-29 23:39:31.174 [main] INFO  o.a.t.u.net.NioEndpoint.certificate
                - Connector [https-jsse-nio-8443], TLS virtual host [_default_], certificate type [UNDEFINED] configured from keystore [C:\Users\Administrator\.keystore] using alias [myalias] with trust store [null]   
2024-08-29 23:39:31.185 [main] INFO  o.s.b.w.e.tomcat.TomcatWebServer
                - Tomcat started on port 8443 (https) with context path ''   
2024-08-29 23:39:31.192 [main] INFO  org.payment.api.ApiApplication
                - Started ApiApplication in 5.079 seconds (process running for 5.457)   
2024-08-29 23:39:44.788 [https-jsse-nio-8443-exec-2] INFO  o.a.c.c.C.[Tomcat].[localhost].[/]
                - Initializing Spring DispatcherServlet 'dispatcherServlet'   
2024-08-29 23:39:44.788 [https-jsse-nio-8443-exec-2] INFO  o.s.web.servlet.DispatcherServlet
                - Initializing Servlet 'dispatcherServlet'   
2024-08-29 23:39:44.789 [https-jsse-nio-8443-exec-2] INFO  o.s.web.servlet.DispatcherServlet
                - Completed initialization in 1 ms   
2024-08-29 23:39:44.838 [https-jsse-nio-8443-exec-2] INFO  o.p.a.config.web.filter.LoggerFilter
                - >>>>> uri : /health, method : GET, header : [host : localhost:8443] [connection : keep-alive] [sec-ch-ua : "Chromium";v="128", "Not;A=Brand";v="24", "Google Chrome";v="128"] [sec-ch-ua-mobile : ?0] [sec-ch-ua-platform : "Windows"] [upgrade-insecure-requests : 1] [user-agent : Mozilla/5.0 (Windows NT 10.0; Win64; x64) AppleWebKit/537.36 (KHTML, like Gecko) Chrome/128.0.0.0 Safari/537.36] [accept : text/html,application/xhtml+xml,application/xml;q=0.9,image/avif,image/webp,image/apng,*/*;q=0.8,application/signed-exchange;v=b3;q=0.7] [sec-fetch-site : none] [sec-fetch-mode : navigate] [sec-fetch-user : ?1] [sec-fetch-dest : document] [accept-encoding : gzip, deflate, br, zstd] [accept-language : ko-KR,ko;q=0.9,en-US;q=0.8,en;q=0.7] [authorization-token : eyJhbGciOiJIUzI1NiJ9.eyJ1c2VySWQiOiIyNzkwNDM0OS03YjdkLTdmODUtNDE3NC1lMzhhMjc5MDQzNDkiLCJleHAiOjE3MTQ2NjE0MTF9.MGnmXnrfTsFpc0udbSrREmagJrfOrDELdWjff5pMlIk] , body :    
2024-08-29 23:39:44.838 [https-jsse-nio-8443-exec-2] INFO  o.p.a.config.web.filter.LoggerFilter
                - <<<<< uri : /health, method : GET, header : [Content-Length : 24] , body : service health Check OK!   
2024-08-29 23:39:45.452 [https-jsse-nio-8443-exec-6] INFO  o.p.a.config.web.filter.LoggerFilter
                - >>>>> uri : /favicon.ico, method : GET, header : [host : localhost:8443] [connection : keep-alive] [sec-ch-ua : "Chromium";v="128", "Not;A=Brand";v="24", "Google Chrome";v="128"] [sec-ch-ua-mobile : ?0] [user-agent : Mozilla/5.0 (Windows NT 10.0; Win64; x64) AppleWebKit/537.36 (KHTML, like Gecko) Chrome/128.0.0.0 Safari/537.36] [sec-ch-ua-platform : "Windows"] [accept : image/avif,image/webp,image/apng,image/svg+xml,image/*,*/*;q=0.8] [sec-fetch-site : same-origin] [sec-fetch-mode : no-cors] [sec-fetch-dest : image] [referer : https://localhost:8443/health] [accept-encoding : gzip, deflate, br, zstd] [accept-language : ko-KR,ko;q=0.9,en-US;q=0.8,en;q=0.7] [authorization-token : eyJhbGciOiJIUzI1NiJ9.eyJ1c2VySWQiOiIyNzkwNDM0OS03YjdkLTdmODUtNDE3NC1lMzhhMjc5MDQzNDkiLCJleHAiOjE3MTQ2NjE0MTF9.MGnmXnrfTsFpc0udbSrREmagJrfOrDELdWjff5pMlIk] , body :    
2024-08-29 23:39:45.452 [https-jsse-nio-8443-exec-6] INFO  o.p.a.config.web.filter.LoggerFilter
                - <<<<< uri : /favicon.ico, method : GET, header : [Vary : Origin] [Vary : Origin] [Vary : Origin] , body :    
